<?xml version="1.0" encoding="utf-8"?>
<CoverageSession>
  <Summary numSequencePoints="1293" visitedSequencePoints="60" numBranchPoints="219" visitedBranchPoints="15" sequenceCoverage="4.64" branchCoverage="6.84" maxCyclomaticComplexity="264" minCyclomaticComplexity="264" visitedClasses="9" numClasses="40" visitedMethods="17" numMethods="70" />
  <Modules>
    <Module hash="4C2820EE-3594-4A87-B99F-73A3BE33DCE0">
      <ModulePath>WebAPI.dll</ModulePath>
      <ModuleTime>2019-10-03T06:02:23</ModuleTime>
      <ModuleName>WebAPI</ModuleName>
      <Files>
        <File uid="1" fullPath="D:\Project - Copy\server\WebAPI\Program.cs" />
        <File uid="2" fullPath="D:\Project - Copy\server\WebAPI\Startup.cs" />
        <File uid="3" fullPath="D:\Project - Copy\server\WebAPI\Repositories\EmployeeDetailRepository.cs" />
        <File uid="4" fullPath="D:\Project - Copy\server\WebAPI\Models\ApplicationSettings.cs" />
        <File uid="5" fullPath="D:\Project - Copy\server\WebAPI\Models\ApplicationUser.cs" />
        <File uid="6" fullPath="D:\Project - Copy\server\WebAPI\Models\ApplicationUserModel.cs" />
        <File uid="7" fullPath="D:\Project - Copy\server\WebAPI\Models\EmployeeDetail.cs" />
        <File uid="8" fullPath="D:\Project - Copy\server\WebAPI\Models\LoginModel.cs" />
        <File uid="9" fullPath="D:\Project - Copy\server\WebAPI\Migrations\20190826053559_InitialCreate.cs" />
        <File uid="10" fullPath="D:\Project - Copy\server\WebAPI\Migrations\20190826053559_InitialCreate.Designer.cs" />
        <File uid="11" fullPath="D:\Project - Copy\server\WebAPI\Migrations\20190828080005_SecondCreation.cs" />
        <File uid="12" fullPath="D:\Project - Copy\server\WebAPI\Migrations\20190828080005_SecondCreation.Designer.cs" />
        <File uid="13" fullPath="D:\Project - Copy\server\WebAPI\Migrations\AuthenticationContextModelSnapshot.cs" />
        <File uid="14" fullPath="D:\Project - Copy\server\WebAPI\Mapper\Mapper.cs" />
        <File uid="15" fullPath="D:\Project - Copy\server\WebAPI\Handler\EmployeeDetailHandler.cs" />
        <File uid="16" fullPath="D:\Project - Copy\server\WebAPI\Enitities\EmployeeDetailEntity.cs" />
        <File uid="17" fullPath="D:\Project - Copy\server\WebAPI\Data\AuthenticationContext.cs" />
        <File uid="18" fullPath="D:\Project - Copy\server\WebAPI\Controllers\ApplicationUserController.cs" />
        <File uid="19" fullPath="D:\Project - Copy\server\WebAPI\Controllers\EmployeeDetailController.cs" />
        <File uid="20" fullPath="D:\Project - Copy\server\WebAPI\Controllers\UserProfileController.cs" />
        <File uid="21" fullPath="D:\Project - Copy\server\WebAPI\Controllers\ValuesController.cs" />
      </Files>
      <Classes>
        <Class>
          <Summary numSequencePoints="22" visitedSequencePoints="0" numBranchPoints="2" visitedBranchPoints="0" sequenceCoverage="0" branchCoverage="0" maxCyclomaticComplexity="2" minCyclomaticComplexity="1" visitedClasses="0" numClasses="1" visitedMethods="0" numMethods="2" />
          <FullName>WebAPI.Program</FullName>
          <Methods>
            <Method cyclomaticComplexity="1" nPathComplexity="0" sequenceCoverage="0" branchCoverage="100" isConstructor="False" isGetter="False" isSetter="False" isStatic="True">
              <Summary numSequencePoints="14" visitedSequencePoints="0" numBranchPoints="0" visitedBranchPoints="0" sequenceCoverage="0" branchCoverage="100" maxCyclomaticComplexity="1" minCyclomaticComplexity="1" visitedClasses="0" numClasses="0" visitedMethods="0" numMethods="1" />
              <MetadataToken />
              <Name>System.Void WebAPI.Program::Main(System.String[])</Name>
              <FileRef uid="1" />
              <SequencePoints>
                <SequencePoint vc="0" uspid="18" ordinal="0" sl="18" sc="1" el="18" ec="2" bec="0" bev="0" fileid="1" />
                <SequencePoint vc="0" uspid="21" ordinal="1" sl="21" sc="1" el="21" ec="2" bec="0" bev="0" fileid="1" />
                <SequencePoint vc="0" uspid="23" ordinal="2" sl="23" sc="1" el="23" ec="2" bec="0" bev="0" fileid="1" />
                <SequencePoint vc="0" uspid="24" ordinal="3" sl="24" sc="1" el="24" ec="2" bec="0" bev="0" fileid="1" />
                <SequencePoint vc="0" uspid="25" ordinal="4" sl="25" sc="1" el="25" ec="2" bec="0" bev="0" fileid="1" />
                <SequencePoint vc="0" uspid="26" ordinal="5" sl="26" sc="1" el="26" ec="2" bec="0" bev="0" fileid="1" />
                <SequencePoint vc="0" uspid="27" ordinal="6" sl="27" sc="1" el="27" ec="2" bec="0" bev="0" fileid="1" />
                <SequencePoint vc="0" uspid="28" ordinal="7" sl="28" sc="1" el="28" ec="2" bec="0" bev="0" fileid="1" />
                <SequencePoint vc="0" uspid="30" ordinal="8" sl="30" sc="1" el="30" ec="2" bec="0" bev="0" fileid="1" />
                <SequencePoint vc="0" uspid="31" ordinal="9" sl="31" sc="1" el="31" ec="2" bec="0" bev="0" fileid="1" />
                <SequencePoint vc="0" uspid="34" ordinal="10" sl="34" sc="1" el="34" ec="2" bec="0" bev="0" fileid="1" />
                <SequencePoint vc="0" uspid="36" ordinal="11" sl="36" sc="1" el="36" ec="2" bec="0" bev="0" fileid="1" />
                <SequencePoint vc="0" uspid="37" ordinal="12" sl="37" sc="1" el="37" ec="2" bec="0" bev="0" fileid="1" />
                <SequencePoint vc="0" uspid="39" ordinal="13" sl="39" sc="1" el="39" ec="2" bec="0" bev="0" fileid="1" />
              </SequencePoints>
              <BranchPoints />
              <MethodPoint vc="0" uspid="0" p8:type="SequencePoint" ordinal="0" offset="0" sc="0" sl="18" ec="1" el="39" bec="0" bev="0" fileid="1" xmlns:p8="xsi" />
            </Method>
            <Method cyclomaticComplexity="2" nPathComplexity="0" sequenceCoverage="0" branchCoverage="0" isConstructor="False" isGetter="False" isSetter="False" isStatic="True">
              <Summary numSequencePoints="8" visitedSequencePoints="0" numBranchPoints="2" visitedBranchPoints="0" sequenceCoverage="0" branchCoverage="0" maxCyclomaticComplexity="2" minCyclomaticComplexity="2" visitedClasses="0" numClasses="0" visitedMethods="0" numMethods="1" />
              <MetadataToken />
              <Name>Microsoft.AspNetCore.Hosting.IWebHostBuilder WebAPI.Program::CreateWebHostBuilder(System.String[])</Name>
              <FileRef uid="1" />
              <SequencePoints>
                <SequencePoint vc="0" uspid="42" ordinal="0" sl="42" sc="1" el="42" ec="2" bec="0" bev="0" fileid="1" />
                <SequencePoint vc="0" uspid="43" ordinal="1" sl="43" sc="1" el="43" ec="2" bec="0" bev="0" fileid="1" />
                <SequencePoint vc="0" uspid="44" ordinal="2" sl="44" sc="1" el="44" ec="2" bec="0" bev="0" fileid="1" />
                <SequencePoint vc="0" uspid="45" ordinal="3" sl="45" sc="1" el="45" ec="2" bec="0" bev="0" fileid="1" />
                <SequencePoint vc="0" uspid="46" ordinal="4" sl="46" sc="1" el="46" ec="2" bec="0" bev="0" fileid="1" />
                <SequencePoint vc="0" uspid="47" ordinal="5" sl="47" sc="1" el="47" ec="2" bec="0" bev="0" fileid="1" />
                <SequencePoint vc="0" uspid="48" ordinal="6" sl="48" sc="1" el="48" ec="2" bec="0" bev="0" fileid="1" />
                <SequencePoint vc="0" uspid="49" ordinal="7" sl="49" sc="1" el="49" ec="2" bec="0" bev="0" fileid="1" />
              </SequencePoints>
              <BranchPoints>
                <BranchPoint vc="0" uspid="42" ordinal="0" path="0" offset="17" offsetend="19" sl="42" fileid="1" />
                <BranchPoint vc="0" uspid="42" ordinal="1" path="1" offset="17" offsetend="42" sl="42" fileid="1" />
              </BranchPoints>
              <MethodPoint vc="0" uspid="0" p8:type="SequencePoint" ordinal="1" offset="1" sc="0" sl="42" ec="1" el="49" bec="0" bev="0" fileid="1" xmlns:p8="xsi" />
            </Method>
          </Methods>
        </Class>
        <Class>
          <Summary numSequencePoints="89" visitedSequencePoints="0" numBranchPoints="14" visitedBranchPoints="0" sequenceCoverage="0" branchCoverage="0" maxCyclomaticComplexity="10" minCyclomaticComplexity="1" visitedClasses="0" numClasses="1" visitedMethods="0" numMethods="5" />
          <FullName>WebAPI.Startup</FullName>
          <Methods>
            <Method cyclomaticComplexity="1" nPathComplexity="0" sequenceCoverage="0" branchCoverage="100" isConstructor="False" isGetter="True" isSetter="False" isStatic="True">
              <Summary numSequencePoints="1" visitedSequencePoints="0" numBranchPoints="0" visitedBranchPoints="0" sequenceCoverage="0" branchCoverage="100" maxCyclomaticComplexity="1" minCyclomaticComplexity="1" visitedClasses="0" numClasses="0" visitedMethods="0" numMethods="1" />
              <MetadataToken />
              <Name>Microsoft.Extensions.Configuration.IConfiguration WebAPI.Startup::get_Configuration()</Name>
              <FileRef uid="2" />
              <SequencePoints>
                <SequencePoint vc="0" uspid="37" ordinal="0" sl="37" sc="1" el="37" ec="2" bec="0" bev="0" fileid="2" />
              </SequencePoints>
              <BranchPoints />
              <MethodPoint vc="0" uspid="0" p8:type="SequencePoint" ordinal="0" offset="0" sc="0" sl="37" ec="1" el="37" bec="0" bev="0" fileid="2" xmlns:p8="xsi" />
            </Method>
            <Method cyclomaticComplexity="10" nPathComplexity="0" sequenceCoverage="0" branchCoverage="0" isConstructor="False" isGetter="False" isSetter="False" isStatic="True">
              <Summary numSequencePoints="60" visitedSequencePoints="0" numBranchPoints="10" visitedBranchPoints="0" sequenceCoverage="0" branchCoverage="0" maxCyclomaticComplexity="10" minCyclomaticComplexity="10" visitedClasses="0" numClasses="0" visitedMethods="0" numMethods="1" />
              <MetadataToken />
              <Name>System.Void WebAPI.Startup::ConfigureServices(Microsoft.Extensions.DependencyInjection.IServiceCollection)</Name>
              <FileRef uid="2" />
              <SequencePoints>
                <SequencePoint vc="0" uspid="44" ordinal="0" sl="44" sc="1" el="44" ec="2" bec="0" bev="0" fileid="2" />
                <SequencePoint vc="0" uspid="46" ordinal="1" sl="46" sc="1" el="46" ec="2" bec="0" bev="0" fileid="2" />
                <SequencePoint vc="0" uspid="48" ordinal="2" sl="48" sc="1" el="48" ec="2" bec="0" bev="0" fileid="2" />
                <SequencePoint vc="0" uspid="49" ordinal="3" sl="49" sc="1" el="49" ec="2" bec="0" bev="0" fileid="2" />
                <SequencePoint vc="0" uspid="50" ordinal="4" sl="50" sc="1" el="50" ec="2" bec="0" bev="0" fileid="2" />
                <SequencePoint vc="0" uspid="51" ordinal="5" sl="51" sc="1" el="51" ec="2" bec="0" bev="0" fileid="2" />
                <SequencePoint vc="0" uspid="52" ordinal="6" sl="52" sc="1" el="52" ec="2" bec="0" bev="0" fileid="2" />
                <SequencePoint vc="0" uspid="53" ordinal="7" sl="53" sc="1" el="53" ec="2" bec="0" bev="0" fileid="2" />
                <SequencePoint vc="0" uspid="54" ordinal="8" sl="54" sc="1" el="54" ec="2" bec="0" bev="0" fileid="2" />
                <SequencePoint vc="0" uspid="56" ordinal="9" sl="56" sc="1" el="56" ec="2" bec="0" bev="0" fileid="2" />
                <SequencePoint vc="0" uspid="57" ordinal="10" sl="57" sc="1" el="57" ec="2" bec="0" bev="0" fileid="2" />
                <SequencePoint vc="0" uspid="59" ordinal="11" sl="59" sc="1" el="59" ec="2" bec="0" bev="0" fileid="2" />
                <SequencePoint vc="0" uspid="60" ordinal="12" sl="60" sc="1" el="60" ec="2" bec="0" bev="0" fileid="2" />
                <SequencePoint vc="0" uspid="62" ordinal="13" sl="62" sc="1" el="62" ec="2" bec="0" bev="0" fileid="2" />
                <SequencePoint vc="0" uspid="63" ordinal="14" sl="63" sc="1" el="63" ec="2" bec="0" bev="0" fileid="2" />
                <SequencePoint vc="0" uspid="64" ordinal="15" sl="64" sc="1" el="64" ec="2" bec="0" bev="0" fileid="2" />
                <SequencePoint vc="0" uspid="65" ordinal="16" sl="65" sc="1" el="65" ec="2" bec="0" bev="0" fileid="2" />
                <SequencePoint vc="0" uspid="66" ordinal="17" sl="66" sc="1" el="66" ec="2" bec="0" bev="0" fileid="2" />
                <SequencePoint vc="0" uspid="67" ordinal="18" sl="67" sc="1" el="67" ec="2" bec="0" bev="0" fileid="2" />
                <SequencePoint vc="0" uspid="68" ordinal="19" sl="68" sc="1" el="68" ec="2" bec="0" bev="0" fileid="2" />
                <SequencePoint vc="0" uspid="69" ordinal="20" sl="69" sc="1" el="69" ec="2" bec="0" bev="0" fileid="2" />
                <SequencePoint vc="0" uspid="70" ordinal="21" sl="70" sc="1" el="70" ec="2" bec="0" bev="0" fileid="2" />
                <SequencePoint vc="0" uspid="72" ordinal="22" sl="72" sc="1" el="72" ec="2" bec="0" bev="0" fileid="2" />
                <SequencePoint vc="0" uspid="73" ordinal="23" sl="73" sc="1" el="73" ec="2" bec="0" bev="0" fileid="2" />
                <SequencePoint vc="0" uspid="74" ordinal="24" sl="74" sc="1" el="74" ec="2" bec="0" bev="0" fileid="2" />
                <SequencePoint vc="0" uspid="75" ordinal="25" sl="75" sc="1" el="75" ec="2" bec="0" bev="0" fileid="2" />
                <SequencePoint vc="0" uspid="76" ordinal="26" sl="76" sc="1" el="76" ec="2" bec="0" bev="0" fileid="2" />
                <SequencePoint vc="0" uspid="78" ordinal="27" sl="78" sc="1" el="78" ec="2" bec="0" bev="0" fileid="2" />
                <SequencePoint vc="0" uspid="79" ordinal="28" sl="79" sc="1" el="79" ec="2" bec="0" bev="0" fileid="2" />
                <SequencePoint vc="0" uspid="81" ordinal="29" sl="81" sc="1" el="81" ec="2" bec="0" bev="0" fileid="2" />
                <SequencePoint vc="0" uspid="82" ordinal="30" sl="82" sc="1" el="82" ec="2" bec="0" bev="0" fileid="2" />
                <SequencePoint vc="0" uspid="86" ordinal="31" sl="86" sc="1" el="86" ec="2" bec="0" bev="0" fileid="2" />
                <SequencePoint vc="0" uspid="87" ordinal="32" sl="87" sc="1" el="87" ec="2" bec="0" bev="0" fileid="2" />
                <SequencePoint vc="0" uspid="88" ordinal="33" sl="88" sc="1" el="88" ec="2" bec="0" bev="0" fileid="2" />
                <SequencePoint vc="0" uspid="89" ordinal="34" sl="89" sc="1" el="89" ec="2" bec="0" bev="0" fileid="2" />
                <SequencePoint vc="0" uspid="90" ordinal="35" sl="90" sc="1" el="90" ec="2" bec="0" bev="0" fileid="2" />
                <SequencePoint vc="0" uspid="91" ordinal="36" sl="91" sc="1" el="91" ec="2" bec="0" bev="0" fileid="2" />
                <SequencePoint vc="0" uspid="96" ordinal="37" sl="96" sc="1" el="96" ec="2" bec="0" bev="0" fileid="2" />
                <SequencePoint vc="0" uspid="98" ordinal="38" sl="98" sc="1" el="98" ec="2" bec="0" bev="0" fileid="2" />
                <SequencePoint vc="0" uspid="100" ordinal="39" sl="100" sc="1" el="100" ec="2" bec="0" bev="0" fileid="2" />
                <SequencePoint vc="0" uspid="101" ordinal="40" sl="101" sc="1" el="101" ec="2" bec="0" bev="0" fileid="2" />
                <SequencePoint vc="0" uspid="102" ordinal="41" sl="102" sc="1" el="102" ec="2" bec="0" bev="0" fileid="2" />
                <SequencePoint vc="0" uspid="103" ordinal="42" sl="103" sc="1" el="103" ec="2" bec="0" bev="0" fileid="2" />
                <SequencePoint vc="0" uspid="104" ordinal="43" sl="104" sc="1" el="104" ec="2" bec="0" bev="0" fileid="2" />
                <SequencePoint vc="0" uspid="105" ordinal="44" sl="105" sc="1" el="105" ec="2" bec="0" bev="0" fileid="2" />
                <SequencePoint vc="0" uspid="106" ordinal="45" sl="106" sc="1" el="106" ec="2" bec="0" bev="0" fileid="2" />
                <SequencePoint vc="0" uspid="107" ordinal="46" sl="107" sc="1" el="107" ec="2" bec="0" bev="0" fileid="2" />
                <SequencePoint vc="0" uspid="108" ordinal="47" sl="108" sc="1" el="108" ec="2" bec="0" bev="0" fileid="2" />
                <SequencePoint vc="0" uspid="109" ordinal="48" sl="109" sc="1" el="109" ec="2" bec="0" bev="0" fileid="2" />
                <SequencePoint vc="0" uspid="110" ordinal="49" sl="110" sc="1" el="110" ec="2" bec="0" bev="0" fileid="2" />
                <SequencePoint vc="0" uspid="111" ordinal="50" sl="111" sc="1" el="111" ec="2" bec="0" bev="0" fileid="2" />
                <SequencePoint vc="0" uspid="112" ordinal="51" sl="112" sc="1" el="112" ec="2" bec="0" bev="0" fileid="2" />
                <SequencePoint vc="0" uspid="113" ordinal="52" sl="113" sc="1" el="113" ec="2" bec="0" bev="0" fileid="2" />
                <SequencePoint vc="0" uspid="114" ordinal="53" sl="114" sc="1" el="114" ec="2" bec="0" bev="0" fileid="2" />
                <SequencePoint vc="0" uspid="115" ordinal="54" sl="115" sc="1" el="115" ec="2" bec="0" bev="0" fileid="2" />
                <SequencePoint vc="0" uspid="116" ordinal="55" sl="116" sc="1" el="116" ec="2" bec="0" bev="0" fileid="2" />
                <SequencePoint vc="0" uspid="117" ordinal="56" sl="117" sc="1" el="117" ec="2" bec="0" bev="0" fileid="2" />
                <SequencePoint vc="0" uspid="119" ordinal="57" sl="119" sc="1" el="119" ec="2" bec="0" bev="0" fileid="2" />
                <SequencePoint vc="0" uspid="120" ordinal="58" sl="120" sc="1" el="120" ec="2" bec="0" bev="0" fileid="2" />
                <SequencePoint vc="0" uspid="122" ordinal="59" sl="122" sc="1" el="122" ec="2" bec="0" bev="0" fileid="2" />
              </SequencePoints>
              <BranchPoints>
                <BranchPoint vc="0" uspid="48" ordinal="0" path="0" offset="55" offsetend="57" sl="48" fileid="2" />
                <BranchPoint vc="0" uspid="48" ordinal="1" path="1" offset="55" offsetend="80" sl="48" fileid="2" />
                <BranchPoint vc="0" uspid="62" ordinal="2" path="0" offset="126" offsetend="128" sl="62" fileid="2" />
                <BranchPoint vc="0" uspid="62" ordinal="3" path="1" offset="126" offsetend="151" sl="62" fileid="2" />
                <BranchPoint vc="0" uspid="72" ordinal="4" path="0" offset="164" offsetend="166" sl="72" fileid="2" />
                <BranchPoint vc="0" uspid="72" ordinal="5" path="1" offset="164" offsetend="189" sl="72" fileid="2" />
                <BranchPoint vc="0" uspid="86" ordinal="6" path="0" offset="230" offsetend="232" sl="86" fileid="2" />
                <BranchPoint vc="0" uspid="86" ordinal="7" path="1" offset="230" offsetend="255" sl="86" fileid="2" />
                <BranchPoint vc="0" uspid="100" ordinal="8" path="0" offset="338" offsetend="340" sl="100" fileid="2" />
                <BranchPoint vc="0" uspid="100" ordinal="9" path="1" offset="338" offsetend="363" sl="100" fileid="2" />
              </BranchPoints>
              <MethodPoint vc="0" uspid="0" p8:type="SequencePoint" ordinal="1" offset="1" sc="0" sl="44" ec="1" el="122" bec="0" bev="0" fileid="2" xmlns:p8="xsi" />
            </Method>
            <Method cyclomaticComplexity="4" nPathComplexity="0" sequenceCoverage="0" branchCoverage="0" isConstructor="False" isGetter="False" isSetter="False" isStatic="True">
              <Summary numSequencePoints="21" visitedSequencePoints="0" numBranchPoints="4" visitedBranchPoints="0" sequenceCoverage="0" branchCoverage="0" maxCyclomaticComplexity="4" minCyclomaticComplexity="4" visitedClasses="0" numClasses="0" visitedMethods="0" numMethods="1" />
              <MetadataToken />
              <Name>System.Void WebAPI.Startup::Configure(Microsoft.AspNetCore.Builder.IApplicationBuilder,Microsoft.AspNetCore.Hosting.IHostingEnvironment)</Name>
              <FileRef uid="2" />
              <SequencePoints>
                <SequencePoint vc="0" uspid="126" ordinal="0" sl="126" sc="1" el="126" ec="2" bec="0" bev="0" fileid="2" />
                <SequencePoint vc="0" uspid="128" ordinal="1" sl="128" sc="1" el="128" ec="2" bec="0" bev="0" fileid="2" />
                <SequencePoint vc="0" uspid="129" ordinal="2" sl="129" sc="1" el="129" ec="2" bec="0" bev="0" fileid="2" />
                <SequencePoint vc="0" uspid="130" ordinal="3" sl="130" sc="1" el="130" ec="2" bec="0" bev="0" fileid="2" />
                <SequencePoint vc="0" uspid="131" ordinal="4" sl="131" sc="1" el="131" ec="2" bec="0" bev="0" fileid="2" />
                <SequencePoint vc="0" uspid="132" ordinal="5" sl="132" sc="1" el="132" ec="2" bec="0" bev="0" fileid="2" />
                <SequencePoint vc="0" uspid="133" ordinal="6" sl="133" sc="1" el="133" ec="2" bec="0" bev="0" fileid="2" />
                <SequencePoint vc="0" uspid="134" ordinal="7" sl="134" sc="1" el="134" ec="2" bec="0" bev="0" fileid="2" />
                <SequencePoint vc="0" uspid="135" ordinal="8" sl="135" sc="1" el="135" ec="2" bec="0" bev="0" fileid="2" />
                <SequencePoint vc="0" uspid="137" ordinal="9" sl="137" sc="1" el="137" ec="2" bec="0" bev="0" fileid="2" />
                <SequencePoint vc="0" uspid="138" ordinal="10" sl="138" sc="1" el="138" ec="2" bec="0" bev="0" fileid="2" />
                <SequencePoint vc="0" uspid="139" ordinal="11" sl="139" sc="1" el="139" ec="2" bec="0" bev="0" fileid="2" />
                <SequencePoint vc="0" uspid="140" ordinal="12" sl="140" sc="1" el="140" ec="2" bec="0" bev="0" fileid="2" />
                <SequencePoint vc="0" uspid="141" ordinal="13" sl="141" sc="1" el="141" ec="2" bec="0" bev="0" fileid="2" />
                <SequencePoint vc="0" uspid="143" ordinal="14" sl="143" sc="1" el="143" ec="2" bec="0" bev="0" fileid="2" />
                <SequencePoint vc="0" uspid="144" ordinal="15" sl="144" sc="1" el="144" ec="2" bec="0" bev="0" fileid="2" />
                <SequencePoint vc="0" uspid="145" ordinal="16" sl="145" sc="1" el="145" ec="2" bec="0" bev="0" fileid="2" />
                <SequencePoint vc="0" uspid="146" ordinal="17" sl="146" sc="1" el="146" ec="2" bec="0" bev="0" fileid="2" />
                <SequencePoint vc="0" uspid="147" ordinal="18" sl="147" sc="1" el="147" ec="2" bec="0" bev="0" fileid="2" />
                <SequencePoint vc="0" uspid="149" ordinal="19" sl="149" sc="1" el="149" ec="2" bec="0" bev="0" fileid="2" />
                <SequencePoint vc="0" uspid="150" ordinal="20" sl="150" sc="1" el="150" ec="2" bec="0" bev="0" fileid="2" />
              </SequencePoints>
              <BranchPoints>
                <BranchPoint vc="0" uspid="128" ordinal="0" path="0" offset="8" offsetend="10" sl="128" fileid="2" />
                <BranchPoint vc="0" uspid="128" ordinal="1" path="1" offset="8" offsetend="33" sl="128" fileid="2" />
                <BranchPoint vc="0" uspid="137" ordinal="2" path="0" offset="47" offsetend="49" sl="137" fileid="2" />
                <BranchPoint vc="0" uspid="137" ordinal="3" path="1" offset="47" offsetend="80" sl="137" fileid="2" />
              </BranchPoints>
              <MethodPoint vc="0" uspid="0" p8:type="SequencePoint" ordinal="2" offset="2" sc="0" sl="126" ec="1" el="150" bec="0" bev="0" fileid="2" xmlns:p8="xsi" />
            </Method>
            <Method cyclomaticComplexity="1" nPathComplexity="0" sequenceCoverage="0" branchCoverage="100" isConstructor="True" isGetter="False" isSetter="False" isStatic="True">
              <Summary numSequencePoints="5" visitedSequencePoints="0" numBranchPoints="0" visitedBranchPoints="0" sequenceCoverage="0" branchCoverage="100" maxCyclomaticComplexity="1" minCyclomaticComplexity="1" visitedClasses="0" numClasses="0" visitedMethods="0" numMethods="1" />
              <MetadataToken />
              <Name>System.Void WebAPI.Startup::.ctor(Microsoft.Extensions.Configuration.IConfiguration,Microsoft.Extensions.Logging.ILogger`1&lt;WebAPI.Startup&gt;)</Name>
              <FileRef uid="2" />
              <SequencePoints>
                <SequencePoint vc="0" uspid="30" ordinal="0" sl="30" sc="1" el="30" ec="2" bec="0" bev="0" fileid="2" />
                <SequencePoint vc="0" uspid="31" ordinal="1" sl="31" sc="1" el="31" ec="2" bec="0" bev="0" fileid="2" />
                <SequencePoint vc="0" uspid="32" ordinal="2" sl="32" sc="1" el="32" ec="2" bec="0" bev="0" fileid="2" />
                <SequencePoint vc="0" uspid="33" ordinal="3" sl="33" sc="1" el="33" ec="2" bec="0" bev="0" fileid="2" />
                <SequencePoint vc="0" uspid="35" ordinal="4" sl="35" sc="1" el="35" ec="2" bec="0" bev="0" fileid="2" />
              </SequencePoints>
              <BranchPoints />
              <MethodPoint vc="0" uspid="0" p8:type="SequencePoint" ordinal="3" offset="3" sc="0" sl="30" ec="1" el="35" bec="0" bev="0" fileid="2" xmlns:p8="xsi" />
            </Method>
            <Method cyclomaticComplexity="1" nPathComplexity="0" sequenceCoverage="0" branchCoverage="100" isConstructor="True" isGetter="False" isSetter="False" isStatic="True">
              <Summary numSequencePoints="2" visitedSequencePoints="0" numBranchPoints="0" visitedBranchPoints="0" sequenceCoverage="0" branchCoverage="100" maxCyclomaticComplexity="1" minCyclomaticComplexity="1" visitedClasses="0" numClasses="0" visitedMethods="0" numMethods="1" />
              <MetadataToken />
              <Name>System.Void WebAPI.Startup::.cctor()</Name>
              <FileRef uid="2" />
              <SequencePoints>
                <SequencePoint vc="0" uspid="39" ordinal="0" sl="39" sc="1" el="39" ec="2" bec="0" bev="0" fileid="2" />
                <SequencePoint vc="0" uspid="40" ordinal="1" sl="40" sc="1" el="40" ec="2" bec="0" bev="0" fileid="2" />
              </SequencePoints>
              <BranchPoints />
              <MethodPoint vc="0" uspid="0" p8:type="SequencePoint" ordinal="4" offset="4" sc="0" sl="39" ec="1" el="40" bec="0" bev="0" fileid="2" xmlns:p8="xsi" />
            </Method>
          </Methods>
        </Class>
        <Class>
          <Summary numSequencePoints="0" visitedSequencePoints="0" numBranchPoints="6" visitedBranchPoints="0" sequenceCoverage="100" branchCoverage="0" maxCyclomaticComplexity="2" minCyclomaticComplexity="2" visitedClasses="0" numClasses="1" visitedMethods="0" numMethods="0" />
          <FullName>WebAPI.Startup/&lt;&gt;c</FullName>
          <Methods />
        </Class>
        <Class>
          <Summary numSequencePoints="0" visitedSequencePoints="0" numBranchPoints="6" visitedBranchPoints="0" sequenceCoverage="100" branchCoverage="0" maxCyclomaticComplexity="6" minCyclomaticComplexity="6" visitedClasses="0" numClasses="1" visitedMethods="0" numMethods="0" />
          <FullName>WebAPI.Startup/&lt;&gt;c/&lt;&lt;Configure&gt;b__8_0&gt;d</FullName>
          <Methods />
        </Class>
        <Class>
          <Summary numSequencePoints="16" visitedSequencePoints="0" numBranchPoints="0" visitedBranchPoints="0" sequenceCoverage="0" branchCoverage="100" maxCyclomaticComplexity="1" minCyclomaticComplexity="1" visitedClasses="0" numClasses="1" visitedMethods="0" numMethods="5" />
          <FullName>WebAPI.Repositories.EmployeeDetailRepository</FullName>
          <Methods>
            <Method cyclomaticComplexity="1" nPathComplexity="0" sequenceCoverage="0" branchCoverage="100" isConstructor="False" isGetter="False" isSetter="False" isStatic="True">
              <Summary numSequencePoints="3" visitedSequencePoints="0" numBranchPoints="0" visitedBranchPoints="0" sequenceCoverage="0" branchCoverage="100" maxCyclomaticComplexity="1" minCyclomaticComplexity="1" visitedClasses="0" numClasses="0" visitedMethods="0" numMethods="1" />
              <MetadataToken />
              <Name>System.Void WebAPI.Repositories.EmployeeDetailRepository::Insert(T)</Name>
              <FileRef uid="3" />
              <SequencePoints>
                <SequencePoint vc="0" uspid="21" ordinal="0" sl="21" sc="1" el="21" ec="2" bec="0" bev="0" fileid="3" />
                <SequencePoint vc="0" uspid="22" ordinal="1" sl="22" sc="1" el="22" ec="2" bec="0" bev="0" fileid="3" />
                <SequencePoint vc="0" uspid="23" ordinal="2" sl="23" sc="1" el="23" ec="2" bec="0" bev="0" fileid="3" />
              </SequencePoints>
              <BranchPoints />
              <MethodPoint vc="0" uspid="0" p8:type="SequencePoint" ordinal="0" offset="0" sc="0" sl="21" ec="1" el="23" bec="0" bev="0" fileid="3" xmlns:p8="xsi" />
            </Method>
            <Method cyclomaticComplexity="1" nPathComplexity="0" sequenceCoverage="0" branchCoverage="100" isConstructor="False" isGetter="False" isSetter="False" isStatic="True">
              <Summary numSequencePoints="3" visitedSequencePoints="0" numBranchPoints="0" visitedBranchPoints="0" sequenceCoverage="0" branchCoverage="100" maxCyclomaticComplexity="1" minCyclomaticComplexity="1" visitedClasses="0" numClasses="0" visitedMethods="0" numMethods="1" />
              <MetadataToken />
              <Name>System.Void WebAPI.Repositories.EmployeeDetailRepository::Update(T)</Name>
              <FileRef uid="3" />
              <SequencePoints>
                <SequencePoint vc="0" uspid="26" ordinal="0" sl="26" sc="1" el="26" ec="2" bec="0" bev="0" fileid="3" />
                <SequencePoint vc="0" uspid="27" ordinal="1" sl="27" sc="1" el="27" ec="2" bec="0" bev="0" fileid="3" />
                <SequencePoint vc="0" uspid="28" ordinal="2" sl="28" sc="1" el="28" ec="2" bec="0" bev="0" fileid="3" />
              </SequencePoints>
              <BranchPoints />
              <MethodPoint vc="0" uspid="0" p8:type="SequencePoint" ordinal="1" offset="1" sc="0" sl="26" ec="1" el="28" bec="0" bev="0" fileid="3" xmlns:p8="xsi" />
            </Method>
            <Method cyclomaticComplexity="1" nPathComplexity="0" sequenceCoverage="0" branchCoverage="100" isConstructor="False" isGetter="False" isSetter="False" isStatic="True">
              <Summary numSequencePoints="3" visitedSequencePoints="0" numBranchPoints="0" visitedBranchPoints="0" sequenceCoverage="0" branchCoverage="100" maxCyclomaticComplexity="1" minCyclomaticComplexity="1" visitedClasses="0" numClasses="0" visitedMethods="0" numMethods="1" />
              <MetadataToken />
              <Name>System.Void WebAPI.Repositories.EmployeeDetailRepository::Delete(T)</Name>
              <FileRef uid="3" />
              <SequencePoints>
                <SequencePoint vc="0" uspid="31" ordinal="0" sl="31" sc="1" el="31" ec="2" bec="0" bev="0" fileid="3" />
                <SequencePoint vc="0" uspid="32" ordinal="1" sl="32" sc="1" el="32" ec="2" bec="0" bev="0" fileid="3" />
                <SequencePoint vc="0" uspid="33" ordinal="2" sl="33" sc="1" el="33" ec="2" bec="0" bev="0" fileid="3" />
              </SequencePoints>
              <BranchPoints />
              <MethodPoint vc="0" uspid="0" p8:type="SequencePoint" ordinal="2" offset="2" sc="0" sl="31" ec="1" el="33" bec="0" bev="0" fileid="3" xmlns:p8="xsi" />
            </Method>
            <Method cyclomaticComplexity="1" nPathComplexity="0" sequenceCoverage="0" branchCoverage="100" isConstructor="False" isGetter="False" isSetter="False" isStatic="True">
              <Summary numSequencePoints="3" visitedSequencePoints="0" numBranchPoints="0" visitedBranchPoints="0" sequenceCoverage="0" branchCoverage="100" maxCyclomaticComplexity="1" minCyclomaticComplexity="1" visitedClasses="0" numClasses="0" visitedMethods="0" numMethods="1" />
              <MetadataToken />
              <Name>System.Boolean WebAPI.Repositories.EmployeeDetailRepository::EmployeeDetailExists(System.Int32)</Name>
              <FileRef uid="3" />
              <SequencePoints>
                <SequencePoint vc="0" uspid="51" ordinal="0" sl="51" sc="1" el="51" ec="2" bec="0" bev="0" fileid="3" />
                <SequencePoint vc="0" uspid="52" ordinal="1" sl="52" sc="1" el="52" ec="2" bec="0" bev="0" fileid="3" />
                <SequencePoint vc="0" uspid="54" ordinal="2" sl="54" sc="1" el="54" ec="2" bec="0" bev="0" fileid="3" />
              </SequencePoints>
              <BranchPoints />
              <MethodPoint vc="0" uspid="0" p8:type="SequencePoint" ordinal="3" offset="3" sc="0" sl="51" ec="1" el="54" bec="0" bev="0" fileid="3" xmlns:p8="xsi" />
            </Method>
            <Method cyclomaticComplexity="1" nPathComplexity="0" sequenceCoverage="0" branchCoverage="100" isConstructor="True" isGetter="False" isSetter="False" isStatic="True">
              <Summary numSequencePoints="4" visitedSequencePoints="0" numBranchPoints="0" visitedBranchPoints="0" sequenceCoverage="0" branchCoverage="100" maxCyclomaticComplexity="1" minCyclomaticComplexity="1" visitedClasses="0" numClasses="0" visitedMethods="0" numMethods="1" />
              <MetadataToken />
              <Name>System.Void WebAPI.Repositories.EmployeeDetailRepository::.ctor(WebAPI.Data.AuthenticationContext)</Name>
              <FileRef uid="3" />
              <SequencePoints>
                <SequencePoint vc="0" uspid="15" ordinal="0" sl="15" sc="1" el="15" ec="2" bec="0" bev="0" fileid="3" />
                <SequencePoint vc="0" uspid="16" ordinal="1" sl="16" sc="1" el="16" ec="2" bec="0" bev="0" fileid="3" />
                <SequencePoint vc="0" uspid="17" ordinal="2" sl="17" sc="1" el="17" ec="2" bec="0" bev="0" fileid="3" />
                <SequencePoint vc="0" uspid="18" ordinal="3" sl="18" sc="1" el="18" ec="2" bec="0" bev="0" fileid="3" />
              </SequencePoints>
              <BranchPoints />
              <MethodPoint vc="0" uspid="0" p8:type="SequencePoint" ordinal="4" offset="4" sc="0" sl="15" ec="1" el="18" bec="0" bev="0" fileid="3" xmlns:p8="xsi" />
            </Method>
          </Methods>
        </Class>
        <Class>
          <Summary numSequencePoints="3" visitedSequencePoints="0" numBranchPoints="2" visitedBranchPoints="0" sequenceCoverage="0" branchCoverage="0" maxCyclomaticComplexity="2" minCyclomaticComplexity="2" visitedClasses="0" numClasses="1" visitedMethods="0" numMethods="1" />
          <FullName>WebAPI.Repositories.EmployeeDetailRepository/&lt;SaveAllAsync&gt;d__5</FullName>
          <Methods>
            <Method cyclomaticComplexity="2" nPathComplexity="0" sequenceCoverage="0" branchCoverage="0" isConstructor="False" isGetter="False" isSetter="False" isStatic="True">
              <Summary numSequencePoints="3" visitedSequencePoints="0" numBranchPoints="2" visitedBranchPoints="0" sequenceCoverage="0" branchCoverage="0" maxCyclomaticComplexity="2" minCyclomaticComplexity="2" visitedClasses="0" numClasses="0" visitedMethods="0" numMethods="1" />
              <MetadataToken />
              <Name>System.Void WebAPI.Repositories.EmployeeDetailRepository/&lt;SaveAllAsync&gt;d__5::MoveNext()</Name>
              <FileRef uid="3" />
              <SequencePoints>
                <SequencePoint vc="0" uspid="36" ordinal="0" sl="36" sc="1" el="36" ec="2" bec="0" bev="0" fileid="3" />
                <SequencePoint vc="0" uspid="37" ordinal="1" sl="37" sc="1" el="37" ec="2" bec="0" bev="0" fileid="3" />
                <SequencePoint vc="0" uspid="38" ordinal="2" sl="38" sc="1" el="38" ec="2" bec="0" bev="0" fileid="3" />
              </SequencePoints>
              <BranchPoints>
                <BranchPoint vc="0" uspid="37" ordinal="0" path="0" offset="53" offsetend="55" sl="37" fileid="3" />
                <BranchPoint vc="0" uspid="37" ordinal="1" path="1" offset="53" offsetend="120" sl="37" fileid="3" />
              </BranchPoints>
              <MethodPoint vc="0" uspid="0" p8:type="SequencePoint" ordinal="0" offset="0" sc="0" sl="36" ec="1" el="38" bec="0" bev="0" fileid="3" xmlns:p8="xsi" />
            </Method>
          </Methods>
        </Class>
        <Class>
          <Summary numSequencePoints="3" visitedSequencePoints="0" numBranchPoints="2" visitedBranchPoints="0" sequenceCoverage="0" branchCoverage="0" maxCyclomaticComplexity="2" minCyclomaticComplexity="2" visitedClasses="0" numClasses="1" visitedMethods="0" numMethods="1" />
          <FullName>WebAPI.Repositories.EmployeeDetailRepository/&lt;GetAllAsync&gt;d__6</FullName>
          <Methods>
            <Method cyclomaticComplexity="2" nPathComplexity="0" sequenceCoverage="0" branchCoverage="0" isConstructor="False" isGetter="False" isSetter="False" isStatic="True">
              <Summary numSequencePoints="3" visitedSequencePoints="0" numBranchPoints="2" visitedBranchPoints="0" sequenceCoverage="0" branchCoverage="0" maxCyclomaticComplexity="2" minCyclomaticComplexity="2" visitedClasses="0" numClasses="0" visitedMethods="0" numMethods="1" />
              <MetadataToken />
              <Name>System.Void WebAPI.Repositories.EmployeeDetailRepository/&lt;GetAllAsync&gt;d__6::MoveNext()</Name>
              <FileRef uid="3" />
              <SequencePoints>
                <SequencePoint vc="0" uspid="41" ordinal="0" sl="41" sc="1" el="41" ec="2" bec="0" bev="0" fileid="3" />
                <SequencePoint vc="0" uspid="42" ordinal="1" sl="42" sc="1" el="42" ec="2" bec="0" bev="0" fileid="3" />
                <SequencePoint vc="0" uspid="43" ordinal="2" sl="43" sc="1" el="43" ec="2" bec="0" bev="0" fileid="3" />
              </SequencePoints>
              <BranchPoints>
                <BranchPoint vc="0" uspid="42" ordinal="0" path="0" offset="58" offsetend="60" sl="42" fileid="3" />
                <BranchPoint vc="0" uspid="42" ordinal="1" path="1" offset="58" offsetend="125" sl="42" fileid="3" />
              </BranchPoints>
              <MethodPoint vc="0" uspid="0" p8:type="SequencePoint" ordinal="0" offset="0" sc="0" sl="41" ec="1" el="43" bec="0" bev="0" fileid="3" xmlns:p8="xsi" />
            </Method>
          </Methods>
        </Class>
        <Class>
          <Summary numSequencePoints="3" visitedSequencePoints="0" numBranchPoints="2" visitedBranchPoints="0" sequenceCoverage="0" branchCoverage="0" maxCyclomaticComplexity="2" minCyclomaticComplexity="2" visitedClasses="0" numClasses="1" visitedMethods="0" numMethods="1" />
          <FullName>WebAPI.Repositories.EmployeeDetailRepository/&lt;GetEmployeeDetailById&gt;d__7</FullName>
          <Methods>
            <Method cyclomaticComplexity="2" nPathComplexity="0" sequenceCoverage="0" branchCoverage="0" isConstructor="False" isGetter="False" isSetter="False" isStatic="True">
              <Summary numSequencePoints="3" visitedSequencePoints="0" numBranchPoints="2" visitedBranchPoints="0" sequenceCoverage="0" branchCoverage="0" maxCyclomaticComplexity="2" minCyclomaticComplexity="2" visitedClasses="0" numClasses="0" visitedMethods="0" numMethods="1" />
              <MetadataToken />
              <Name>System.Void WebAPI.Repositories.EmployeeDetailRepository/&lt;GetEmployeeDetailById&gt;d__7::MoveNext()</Name>
              <FileRef uid="3" />
              <SequencePoints>
                <SequencePoint vc="0" uspid="46" ordinal="0" sl="46" sc="1" el="46" ec="2" bec="0" bev="0" fileid="3" />
                <SequencePoint vc="0" uspid="47" ordinal="1" sl="47" sc="1" el="47" ec="2" bec="0" bev="0" fileid="3" />
                <SequencePoint vc="0" uspid="48" ordinal="2" sl="48" sc="1" el="48" ec="2" bec="0" bev="0" fileid="3" />
              </SequencePoints>
              <BranchPoints>
                <BranchPoint vc="0" uspid="47" ordinal="0" path="0" offset="69" offsetend="71" sl="47" fileid="3" />
                <BranchPoint vc="0" uspid="47" ordinal="1" path="1" offset="69" offsetend="135" sl="47" fileid="3" />
              </BranchPoints>
              <MethodPoint vc="0" uspid="0" p8:type="SequencePoint" ordinal="0" offset="0" sc="0" sl="46" ec="1" el="48" bec="0" bev="0" fileid="3" xmlns:p8="xsi" />
            </Method>
          </Methods>
        </Class>
        <Class>
          <Summary numSequencePoints="2" visitedSequencePoints="0" numBranchPoints="0" visitedBranchPoints="0" sequenceCoverage="0" branchCoverage="100" maxCyclomaticComplexity="1" minCyclomaticComplexity="1" visitedClasses="0" numClasses="1" visitedMethods="0" numMethods="2" />
          <FullName>WebAPI.Models.ApplicationSettings</FullName>
          <Methods>
            <Method cyclomaticComplexity="1" nPathComplexity="0" sequenceCoverage="0" branchCoverage="100" isConstructor="False" isGetter="True" isSetter="False" isStatic="True">
              <Summary numSequencePoints="1" visitedSequencePoints="0" numBranchPoints="0" visitedBranchPoints="0" sequenceCoverage="0" branchCoverage="100" maxCyclomaticComplexity="1" minCyclomaticComplexity="1" visitedClasses="0" numClasses="0" visitedMethods="0" numMethods="1" />
              <MetadataToken />
              <Name>System.String WebAPI.Models.ApplicationSettings::get_JWT_Secret()</Name>
              <FileRef uid="4" />
              <SequencePoints>
                <SequencePoint vc="0" uspid="10" ordinal="0" sl="10" sc="1" el="10" ec="2" bec="0" bev="0" fileid="4" />
              </SequencePoints>
              <BranchPoints />
              <MethodPoint vc="0" uspid="0" p8:type="SequencePoint" ordinal="0" offset="0" sc="0" sl="10" ec="1" el="10" bec="0" bev="0" fileid="4" xmlns:p8="xsi" />
            </Method>
            <Method cyclomaticComplexity="1" nPathComplexity="0" sequenceCoverage="0" branchCoverage="100" isConstructor="False" isGetter="True" isSetter="False" isStatic="True">
              <Summary numSequencePoints="1" visitedSequencePoints="0" numBranchPoints="0" visitedBranchPoints="0" sequenceCoverage="0" branchCoverage="100" maxCyclomaticComplexity="1" minCyclomaticComplexity="1" visitedClasses="0" numClasses="0" visitedMethods="0" numMethods="1" />
              <MetadataToken />
              <Name>System.String WebAPI.Models.ApplicationSettings::get_Client_URL()</Name>
              <FileRef uid="4" />
              <SequencePoints>
                <SequencePoint vc="0" uspid="11" ordinal="0" sl="11" sc="1" el="11" ec="2" bec="0" bev="0" fileid="4" />
              </SequencePoints>
              <BranchPoints />
              <MethodPoint vc="0" uspid="0" p8:type="SequencePoint" ordinal="1" offset="1" sc="0" sl="11" ec="1" el="11" bec="0" bev="0" fileid="4" xmlns:p8="xsi" />
            </Method>
          </Methods>
        </Class>
        <Class>
          <Summary numSequencePoints="1" visitedSequencePoints="0" numBranchPoints="0" visitedBranchPoints="0" sequenceCoverage="0" branchCoverage="100" maxCyclomaticComplexity="1" minCyclomaticComplexity="1" visitedClasses="0" numClasses="1" visitedMethods="0" numMethods="1" />
          <FullName>WebAPI.Models.ApplicationUser</FullName>
          <Methods>
            <Method cyclomaticComplexity="1" nPathComplexity="0" sequenceCoverage="0" branchCoverage="100" isConstructor="False" isGetter="True" isSetter="False" isStatic="True">
              <Summary numSequencePoints="1" visitedSequencePoints="0" numBranchPoints="0" visitedBranchPoints="0" sequenceCoverage="0" branchCoverage="100" maxCyclomaticComplexity="1" minCyclomaticComplexity="1" visitedClasses="0" numClasses="0" visitedMethods="0" numMethods="1" />
              <MetadataToken />
              <Name>System.String WebAPI.Models.ApplicationUser::get_FullName()</Name>
              <FileRef uid="5" />
              <SequencePoints>
                <SequencePoint vc="0" uspid="13" ordinal="0" sl="13" sc="1" el="13" ec="2" bec="0" bev="0" fileid="5" />
              </SequencePoints>
              <BranchPoints />
              <MethodPoint vc="0" uspid="0" p8:type="SequencePoint" ordinal="0" offset="0" sc="0" sl="13" ec="1" el="13" bec="0" bev="0" fileid="5" xmlns:p8="xsi" />
            </Method>
          </Methods>
        </Class>
        <Class>
          <Summary numSequencePoints="4" visitedSequencePoints="0" numBranchPoints="0" visitedBranchPoints="0" sequenceCoverage="0" branchCoverage="100" maxCyclomaticComplexity="1" minCyclomaticComplexity="1" visitedClasses="0" numClasses="1" visitedMethods="0" numMethods="4" />
          <FullName>WebAPI.Models.ApplicationUserModel</FullName>
          <Methods>
            <Method cyclomaticComplexity="1" nPathComplexity="0" sequenceCoverage="0" branchCoverage="100" isConstructor="False" isGetter="True" isSetter="False" isStatic="True">
              <Summary numSequencePoints="1" visitedSequencePoints="0" numBranchPoints="0" visitedBranchPoints="0" sequenceCoverage="0" branchCoverage="100" maxCyclomaticComplexity="1" minCyclomaticComplexity="1" visitedClasses="0" numClasses="0" visitedMethods="0" numMethods="1" />
              <MetadataToken />
              <Name>System.String WebAPI.Models.ApplicationUserModel::get_UserName()</Name>
              <FileRef uid="6" />
              <SequencePoints>
                <SequencePoint vc="0" uspid="10" ordinal="0" sl="10" sc="1" el="10" ec="2" bec="0" bev="0" fileid="6" />
              </SequencePoints>
              <BranchPoints />
              <MethodPoint vc="0" uspid="0" p8:type="SequencePoint" ordinal="0" offset="0" sc="0" sl="10" ec="1" el="10" bec="0" bev="0" fileid="6" xmlns:p8="xsi" />
            </Method>
            <Method cyclomaticComplexity="1" nPathComplexity="0" sequenceCoverage="0" branchCoverage="100" isConstructor="False" isGetter="True" isSetter="False" isStatic="True">
              <Summary numSequencePoints="1" visitedSequencePoints="0" numBranchPoints="0" visitedBranchPoints="0" sequenceCoverage="0" branchCoverage="100" maxCyclomaticComplexity="1" minCyclomaticComplexity="1" visitedClasses="0" numClasses="0" visitedMethods="0" numMethods="1" />
              <MetadataToken />
              <Name>System.String WebAPI.Models.ApplicationUserModel::get_FullName()</Name>
              <FileRef uid="6" />
              <SequencePoints>
                <SequencePoint vc="0" uspid="12" ordinal="0" sl="12" sc="1" el="12" ec="2" bec="0" bev="0" fileid="6" />
              </SequencePoints>
              <BranchPoints />
              <MethodPoint vc="0" uspid="0" p8:type="SequencePoint" ordinal="1" offset="1" sc="0" sl="12" ec="1" el="12" bec="0" bev="0" fileid="6" xmlns:p8="xsi" />
            </Method>
            <Method cyclomaticComplexity="1" nPathComplexity="0" sequenceCoverage="0" branchCoverage="100" isConstructor="False" isGetter="True" isSetter="False" isStatic="True">
              <Summary numSequencePoints="1" visitedSequencePoints="0" numBranchPoints="0" visitedBranchPoints="0" sequenceCoverage="0" branchCoverage="100" maxCyclomaticComplexity="1" minCyclomaticComplexity="1" visitedClasses="0" numClasses="0" visitedMethods="0" numMethods="1" />
              <MetadataToken />
              <Name>System.String WebAPI.Models.ApplicationUserModel::get_Email()</Name>
              <FileRef uid="6" />
              <SequencePoints>
                <SequencePoint vc="0" uspid="14" ordinal="0" sl="14" sc="1" el="14" ec="2" bec="0" bev="0" fileid="6" />
              </SequencePoints>
              <BranchPoints />
              <MethodPoint vc="0" uspid="0" p8:type="SequencePoint" ordinal="2" offset="2" sc="0" sl="14" ec="1" el="14" bec="0" bev="0" fileid="6" xmlns:p8="xsi" />
            </Method>
            <Method cyclomaticComplexity="1" nPathComplexity="0" sequenceCoverage="0" branchCoverage="100" isConstructor="False" isGetter="True" isSetter="False" isStatic="True">
              <Summary numSequencePoints="1" visitedSequencePoints="0" numBranchPoints="0" visitedBranchPoints="0" sequenceCoverage="0" branchCoverage="100" maxCyclomaticComplexity="1" minCyclomaticComplexity="1" visitedClasses="0" numClasses="0" visitedMethods="0" numMethods="1" />
              <MetadataToken />
              <Name>System.String WebAPI.Models.ApplicationUserModel::get_Password()</Name>
              <FileRef uid="6" />
              <SequencePoints>
                <SequencePoint vc="0" uspid="16" ordinal="0" sl="16" sc="1" el="16" ec="2" bec="0" bev="0" fileid="6" />
              </SequencePoints>
              <BranchPoints />
              <MethodPoint vc="0" uspid="0" p8:type="SequencePoint" ordinal="3" offset="3" sc="0" sl="16" ec="1" el="16" bec="0" bev="0" fileid="6" xmlns:p8="xsi" />
            </Method>
          </Methods>
        </Class>
        <Class>
          <Summary numSequencePoints="5" visitedSequencePoints="5" numBranchPoints="0" visitedBranchPoints="0" sequenceCoverage="100" branchCoverage="100" maxCyclomaticComplexity="1" minCyclomaticComplexity="1" visitedClasses="1" numClasses="1" visitedMethods="5" numMethods="5" />
          <FullName>WebAPI.Models.EmployeeDetail</FullName>
          <Methods>
            <Method cyclomaticComplexity="1" nPathComplexity="0" sequenceCoverage="100" branchCoverage="100" isConstructor="False" isGetter="True" isSetter="False" isStatic="True">
              <Summary numSequencePoints="1" visitedSequencePoints="1" numBranchPoints="0" visitedBranchPoints="0" sequenceCoverage="100" branchCoverage="100" maxCyclomaticComplexity="1" minCyclomaticComplexity="1" visitedClasses="0" numClasses="0" visitedMethods="1" numMethods="1" />
              <MetadataToken />
              <Name>System.Int32 WebAPI.Models.EmployeeDetail::get_EId()</Name>
              <FileRef uid="7" />
              <SequencePoints>
                <SequencePoint vc="29" uspid="13" ordinal="0" sl="13" sc="1" el="13" ec="2" bec="0" bev="0" fileid="7" />
              </SequencePoints>
              <BranchPoints />
              <MethodPoint vc="1" uspid="0" p8:type="SequencePoint" ordinal="0" offset="0" sc="0" sl="13" ec="1" el="13" bec="0" bev="0" fileid="7" xmlns:p8="xsi" />
            </Method>
            <Method cyclomaticComplexity="1" nPathComplexity="0" sequenceCoverage="100" branchCoverage="100" isConstructor="False" isGetter="True" isSetter="False" isStatic="True">
              <Summary numSequencePoints="1" visitedSequencePoints="1" numBranchPoints="0" visitedBranchPoints="0" sequenceCoverage="100" branchCoverage="100" maxCyclomaticComplexity="1" minCyclomaticComplexity="1" visitedClasses="0" numClasses="0" visitedMethods="1" numMethods="1" />
              <MetadataToken />
              <Name>System.String WebAPI.Models.EmployeeDetail::get_EmployeeName()</Name>
              <FileRef uid="7" />
              <SequencePoints>
                <SequencePoint vc="14" uspid="16" ordinal="0" sl="16" sc="1" el="16" ec="2" bec="0" bev="0" fileid="7" />
              </SequencePoints>
              <BranchPoints />
              <MethodPoint vc="1" uspid="0" p8:type="SequencePoint" ordinal="1" offset="1" sc="0" sl="16" ec="1" el="16" bec="0" bev="0" fileid="7" xmlns:p8="xsi" />
            </Method>
            <Method cyclomaticComplexity="1" nPathComplexity="0" sequenceCoverage="100" branchCoverage="100" isConstructor="False" isGetter="True" isSetter="False" isStatic="True">
              <Summary numSequencePoints="1" visitedSequencePoints="1" numBranchPoints="0" visitedBranchPoints="0" sequenceCoverage="100" branchCoverage="100" maxCyclomaticComplexity="1" minCyclomaticComplexity="1" visitedClasses="0" numClasses="0" visitedMethods="1" numMethods="1" />
              <MetadataToken />
              <Name>System.String WebAPI.Models.EmployeeDetail::get_PhoneNo()</Name>
              <FileRef uid="7" />
              <SequencePoints>
                <SequencePoint vc="14" uspid="19" ordinal="0" sl="19" sc="1" el="19" ec="2" bec="0" bev="0" fileid="7" />
              </SequencePoints>
              <BranchPoints />
              <MethodPoint vc="1" uspid="0" p8:type="SequencePoint" ordinal="2" offset="2" sc="0" sl="19" ec="1" el="19" bec="0" bev="0" fileid="7" xmlns:p8="xsi" />
            </Method>
            <Method cyclomaticComplexity="1" nPathComplexity="0" sequenceCoverage="100" branchCoverage="100" isConstructor="False" isGetter="True" isSetter="False" isStatic="True">
              <Summary numSequencePoints="1" visitedSequencePoints="1" numBranchPoints="0" visitedBranchPoints="0" sequenceCoverage="100" branchCoverage="100" maxCyclomaticComplexity="1" minCyclomaticComplexity="1" visitedClasses="0" numClasses="0" visitedMethods="1" numMethods="1" />
              <MetadataToken />
              <Name>System.String WebAPI.Models.EmployeeDetail::get_BDay()</Name>
              <FileRef uid="7" />
              <SequencePoints>
                <SequencePoint vc="14" uspid="22" ordinal="0" sl="22" sc="1" el="22" ec="2" bec="0" bev="0" fileid="7" />
              </SequencePoints>
              <BranchPoints />
              <MethodPoint vc="1" uspid="0" p8:type="SequencePoint" ordinal="3" offset="3" sc="0" sl="22" ec="1" el="22" bec="0" bev="0" fileid="7" xmlns:p8="xsi" />
            </Method>
            <Method cyclomaticComplexity="1" nPathComplexity="0" sequenceCoverage="100" branchCoverage="100" isConstructor="False" isGetter="True" isSetter="False" isStatic="True">
              <Summary numSequencePoints="1" visitedSequencePoints="1" numBranchPoints="0" visitedBranchPoints="0" sequenceCoverage="100" branchCoverage="100" maxCyclomaticComplexity="1" minCyclomaticComplexity="1" visitedClasses="0" numClasses="0" visitedMethods="1" numMethods="1" />
              <MetadataToken />
              <Name>System.String WebAPI.Models.EmployeeDetail::get_Nic()</Name>
              <FileRef uid="7" />
              <SequencePoints>
                <SequencePoint vc="14" uspid="25" ordinal="0" sl="25" sc="1" el="25" ec="2" bec="0" bev="0" fileid="7" />
              </SequencePoints>
              <BranchPoints />
              <MethodPoint vc="1" uspid="0" p8:type="SequencePoint" ordinal="4" offset="4" sc="0" sl="25" ec="1" el="25" bec="0" bev="0" fileid="7" xmlns:p8="xsi" />
            </Method>
          </Methods>
        </Class>
        <Class>
          <Summary numSequencePoints="2" visitedSequencePoints="0" numBranchPoints="0" visitedBranchPoints="0" sequenceCoverage="0" branchCoverage="100" maxCyclomaticComplexity="1" minCyclomaticComplexity="1" visitedClasses="0" numClasses="1" visitedMethods="0" numMethods="2" />
          <FullName>WebAPI.Models.LoginModel</FullName>
          <Methods>
            <Method cyclomaticComplexity="1" nPathComplexity="0" sequenceCoverage="0" branchCoverage="100" isConstructor="False" isGetter="True" isSetter="False" isStatic="True">
              <Summary numSequencePoints="1" visitedSequencePoints="0" numBranchPoints="0" visitedBranchPoints="0" sequenceCoverage="0" branchCoverage="100" maxCyclomaticComplexity="1" minCyclomaticComplexity="1" visitedClasses="0" numClasses="0" visitedMethods="0" numMethods="1" />
              <MetadataToken />
              <Name>System.String WebAPI.Models.LoginModel::get_UserName()</Name>
              <FileRef uid="8" />
              <SequencePoints>
                <SequencePoint vc="0" uspid="10" ordinal="0" sl="10" sc="1" el="10" ec="2" bec="0" bev="0" fileid="8" />
              </SequencePoints>
              <BranchPoints />
              <MethodPoint vc="0" uspid="0" p8:type="SequencePoint" ordinal="0" offset="0" sc="0" sl="10" ec="1" el="10" bec="0" bev="0" fileid="8" xmlns:p8="xsi" />
            </Method>
            <Method cyclomaticComplexity="1" nPathComplexity="0" sequenceCoverage="0" branchCoverage="100" isConstructor="False" isGetter="True" isSetter="False" isStatic="True">
              <Summary numSequencePoints="1" visitedSequencePoints="0" numBranchPoints="0" visitedBranchPoints="0" sequenceCoverage="0" branchCoverage="100" maxCyclomaticComplexity="1" minCyclomaticComplexity="1" visitedClasses="0" numClasses="0" visitedMethods="0" numMethods="1" />
              <MetadataToken />
              <Name>System.String WebAPI.Models.LoginModel::get_Password()</Name>
              <FileRef uid="8" />
              <SequencePoints>
                <SequencePoint vc="0" uspid="11" ordinal="0" sl="11" sc="1" el="11" ec="2" bec="0" bev="0" fileid="8" />
              </SequencePoints>
              <BranchPoints />
              <MethodPoint vc="0" uspid="0" p8:type="SequencePoint" ordinal="1" offset="1" sc="0" sl="11" ec="1" el="11" bec="0" bev="0" fileid="8" xmlns:p8="xsi" />
            </Method>
          </Methods>
        </Class>
        <Class>
          <Summary numSequencePoints="190" visitedSequencePoints="0" numBranchPoints="28" visitedBranchPoints="0" sequenceCoverage="0" branchCoverage="0" maxCyclomaticComplexity="28" minCyclomaticComplexity="1" visitedClasses="0" numClasses="1" visitedMethods="0" numMethods="2" />
          <FullName>WebAPI.Migrations.InitialCreate</FullName>
          <Methods>
            <Method cyclomaticComplexity="28" nPathComplexity="0" sequenceCoverage="0" branchCoverage="0" isConstructor="False" isGetter="False" isSetter="False" isStatic="True">
              <Summary numSequencePoints="174" visitedSequencePoints="0" numBranchPoints="28" visitedBranchPoints="0" sequenceCoverage="0" branchCoverage="0" maxCyclomaticComplexity="28" minCyclomaticComplexity="28" visitedClasses="0" numClasses="0" visitedMethods="0" numMethods="1" />
              <MetadataToken />
              <Name>System.Void WebAPI.Migrations.InitialCreate::Up(Microsoft.EntityFrameworkCore.Migrations.MigrationBuilder)</Name>
              <FileRef uid="9" />
              <SequencePoints>
                <SequencePoint vc="0" uspid="10" ordinal="0" sl="10" sc="1" el="10" ec="2" bec="0" bev="0" fileid="9" />
                <SequencePoint vc="0" uspid="11" ordinal="1" sl="11" sc="1" el="11" ec="2" bec="0" bev="0" fileid="9" />
                <SequencePoint vc="0" uspid="12" ordinal="2" sl="12" sc="1" el="12" ec="2" bec="0" bev="0" fileid="9" />
                <SequencePoint vc="0" uspid="13" ordinal="3" sl="13" sc="1" el="13" ec="2" bec="0" bev="0" fileid="9" />
                <SequencePoint vc="0" uspid="14" ordinal="4" sl="14" sc="1" el="14" ec="2" bec="0" bev="0" fileid="9" />
                <SequencePoint vc="0" uspid="15" ordinal="5" sl="15" sc="1" el="15" ec="2" bec="0" bev="0" fileid="9" />
                <SequencePoint vc="0" uspid="16" ordinal="6" sl="16" sc="1" el="16" ec="2" bec="0" bev="0" fileid="9" />
                <SequencePoint vc="0" uspid="17" ordinal="7" sl="17" sc="1" el="17" ec="2" bec="0" bev="0" fileid="9" />
                <SequencePoint vc="0" uspid="18" ordinal="8" sl="18" sc="1" el="18" ec="2" bec="0" bev="0" fileid="9" />
                <SequencePoint vc="0" uspid="19" ordinal="9" sl="19" sc="1" el="19" ec="2" bec="0" bev="0" fileid="9" />
                <SequencePoint vc="0" uspid="20" ordinal="10" sl="20" sc="1" el="20" ec="2" bec="0" bev="0" fileid="9" />
                <SequencePoint vc="0" uspid="21" ordinal="11" sl="21" sc="1" el="21" ec="2" bec="0" bev="0" fileid="9" />
                <SequencePoint vc="0" uspid="22" ordinal="12" sl="22" sc="1" el="22" ec="2" bec="0" bev="0" fileid="9" />
                <SequencePoint vc="0" uspid="23" ordinal="13" sl="23" sc="1" el="23" ec="2" bec="0" bev="0" fileid="9" />
                <SequencePoint vc="0" uspid="25" ordinal="14" sl="25" sc="1" el="25" ec="2" bec="0" bev="0" fileid="9" />
                <SequencePoint vc="0" uspid="26" ordinal="15" sl="26" sc="1" el="26" ec="2" bec="0" bev="0" fileid="9" />
                <SequencePoint vc="0" uspid="27" ordinal="16" sl="27" sc="1" el="27" ec="2" bec="0" bev="0" fileid="9" />
                <SequencePoint vc="0" uspid="28" ordinal="17" sl="28" sc="1" el="28" ec="2" bec="0" bev="0" fileid="9" />
                <SequencePoint vc="0" uspid="29" ordinal="18" sl="29" sc="1" el="29" ec="2" bec="0" bev="0" fileid="9" />
                <SequencePoint vc="0" uspid="30" ordinal="19" sl="30" sc="1" el="30" ec="2" bec="0" bev="0" fileid="9" />
                <SequencePoint vc="0" uspid="31" ordinal="20" sl="31" sc="1" el="31" ec="2" bec="0" bev="0" fileid="9" />
                <SequencePoint vc="0" uspid="32" ordinal="21" sl="32" sc="1" el="32" ec="2" bec="0" bev="0" fileid="9" />
                <SequencePoint vc="0" uspid="33" ordinal="22" sl="33" sc="1" el="33" ec="2" bec="0" bev="0" fileid="9" />
                <SequencePoint vc="0" uspid="34" ordinal="23" sl="34" sc="1" el="34" ec="2" bec="0" bev="0" fileid="9" />
                <SequencePoint vc="0" uspid="35" ordinal="24" sl="35" sc="1" el="35" ec="2" bec="0" bev="0" fileid="9" />
                <SequencePoint vc="0" uspid="36" ordinal="25" sl="36" sc="1" el="36" ec="2" bec="0" bev="0" fileid="9" />
                <SequencePoint vc="0" uspid="37" ordinal="26" sl="37" sc="1" el="37" ec="2" bec="0" bev="0" fileid="9" />
                <SequencePoint vc="0" uspid="38" ordinal="27" sl="38" sc="1" el="38" ec="2" bec="0" bev="0" fileid="9" />
                <SequencePoint vc="0" uspid="39" ordinal="28" sl="39" sc="1" el="39" ec="2" bec="0" bev="0" fileid="9" />
                <SequencePoint vc="0" uspid="40" ordinal="29" sl="40" sc="1" el="40" ec="2" bec="0" bev="0" fileid="9" />
                <SequencePoint vc="0" uspid="41" ordinal="30" sl="41" sc="1" el="41" ec="2" bec="0" bev="0" fileid="9" />
                <SequencePoint vc="0" uspid="42" ordinal="31" sl="42" sc="1" el="42" ec="2" bec="0" bev="0" fileid="9" />
                <SequencePoint vc="0" uspid="43" ordinal="32" sl="43" sc="1" el="43" ec="2" bec="0" bev="0" fileid="9" />
                <SequencePoint vc="0" uspid="44" ordinal="33" sl="44" sc="1" el="44" ec="2" bec="0" bev="0" fileid="9" />
                <SequencePoint vc="0" uspid="45" ordinal="34" sl="45" sc="1" el="45" ec="2" bec="0" bev="0" fileid="9" />
                <SequencePoint vc="0" uspid="46" ordinal="35" sl="46" sc="1" el="46" ec="2" bec="0" bev="0" fileid="9" />
                <SequencePoint vc="0" uspid="47" ordinal="36" sl="47" sc="1" el="47" ec="2" bec="0" bev="0" fileid="9" />
                <SequencePoint vc="0" uspid="48" ordinal="37" sl="48" sc="1" el="48" ec="2" bec="0" bev="0" fileid="9" />
                <SequencePoint vc="0" uspid="49" ordinal="38" sl="49" sc="1" el="49" ec="2" bec="0" bev="0" fileid="9" />
                <SequencePoint vc="0" uspid="50" ordinal="39" sl="50" sc="1" el="50" ec="2" bec="0" bev="0" fileid="9" />
                <SequencePoint vc="0" uspid="52" ordinal="40" sl="52" sc="1" el="52" ec="2" bec="0" bev="0" fileid="9" />
                <SequencePoint vc="0" uspid="53" ordinal="41" sl="53" sc="1" el="53" ec="2" bec="0" bev="0" fileid="9" />
                <SequencePoint vc="0" uspid="54" ordinal="42" sl="54" sc="1" el="54" ec="2" bec="0" bev="0" fileid="9" />
                <SequencePoint vc="0" uspid="55" ordinal="43" sl="55" sc="1" el="55" ec="2" bec="0" bev="0" fileid="9" />
                <SequencePoint vc="0" uspid="56" ordinal="44" sl="56" sc="1" el="56" ec="2" bec="0" bev="0" fileid="9" />
                <SequencePoint vc="0" uspid="57" ordinal="45" sl="57" sc="1" el="57" ec="2" bec="0" bev="0" fileid="9" />
                <SequencePoint vc="0" uspid="58" ordinal="46" sl="58" sc="1" el="58" ec="2" bec="0" bev="0" fileid="9" />
                <SequencePoint vc="0" uspid="59" ordinal="47" sl="59" sc="1" el="59" ec="2" bec="0" bev="0" fileid="9" />
                <SequencePoint vc="0" uspid="60" ordinal="48" sl="60" sc="1" el="60" ec="2" bec="0" bev="0" fileid="9" />
                <SequencePoint vc="0" uspid="61" ordinal="49" sl="61" sc="1" el="61" ec="2" bec="0" bev="0" fileid="9" />
                <SequencePoint vc="0" uspid="62" ordinal="50" sl="62" sc="1" el="62" ec="2" bec="0" bev="0" fileid="9" />
                <SequencePoint vc="0" uspid="63" ordinal="51" sl="63" sc="1" el="63" ec="2" bec="0" bev="0" fileid="9" />
                <SequencePoint vc="0" uspid="64" ordinal="52" sl="64" sc="1" el="64" ec="2" bec="0" bev="0" fileid="9" />
                <SequencePoint vc="0" uspid="65" ordinal="53" sl="65" sc="1" el="65" ec="2" bec="0" bev="0" fileid="9" />
                <SequencePoint vc="0" uspid="66" ordinal="54" sl="66" sc="1" el="66" ec="2" bec="0" bev="0" fileid="9" />
                <SequencePoint vc="0" uspid="67" ordinal="55" sl="67" sc="1" el="67" ec="2" bec="0" bev="0" fileid="9" />
                <SequencePoint vc="0" uspid="68" ordinal="56" sl="68" sc="1" el="68" ec="2" bec="0" bev="0" fileid="9" />
                <SequencePoint vc="0" uspid="69" ordinal="57" sl="69" sc="1" el="69" ec="2" bec="0" bev="0" fileid="9" />
                <SequencePoint vc="0" uspid="70" ordinal="58" sl="70" sc="1" el="70" ec="2" bec="0" bev="0" fileid="9" />
                <SequencePoint vc="0" uspid="71" ordinal="59" sl="71" sc="1" el="71" ec="2" bec="0" bev="0" fileid="9" />
                <SequencePoint vc="0" uspid="73" ordinal="60" sl="73" sc="1" el="73" ec="2" bec="0" bev="0" fileid="9" />
                <SequencePoint vc="0" uspid="74" ordinal="61" sl="74" sc="1" el="74" ec="2" bec="0" bev="0" fileid="9" />
                <SequencePoint vc="0" uspid="75" ordinal="62" sl="75" sc="1" el="75" ec="2" bec="0" bev="0" fileid="9" />
                <SequencePoint vc="0" uspid="76" ordinal="63" sl="76" sc="1" el="76" ec="2" bec="0" bev="0" fileid="9" />
                <SequencePoint vc="0" uspid="77" ordinal="64" sl="77" sc="1" el="77" ec="2" bec="0" bev="0" fileid="9" />
                <SequencePoint vc="0" uspid="78" ordinal="65" sl="78" sc="1" el="78" ec="2" bec="0" bev="0" fileid="9" />
                <SequencePoint vc="0" uspid="79" ordinal="66" sl="79" sc="1" el="79" ec="2" bec="0" bev="0" fileid="9" />
                <SequencePoint vc="0" uspid="80" ordinal="67" sl="80" sc="1" el="80" ec="2" bec="0" bev="0" fileid="9" />
                <SequencePoint vc="0" uspid="81" ordinal="68" sl="81" sc="1" el="81" ec="2" bec="0" bev="0" fileid="9" />
                <SequencePoint vc="0" uspid="82" ordinal="69" sl="82" sc="1" el="82" ec="2" bec="0" bev="0" fileid="9" />
                <SequencePoint vc="0" uspid="83" ordinal="70" sl="83" sc="1" el="83" ec="2" bec="0" bev="0" fileid="9" />
                <SequencePoint vc="0" uspid="84" ordinal="71" sl="84" sc="1" el="84" ec="2" bec="0" bev="0" fileid="9" />
                <SequencePoint vc="0" uspid="85" ordinal="72" sl="85" sc="1" el="85" ec="2" bec="0" bev="0" fileid="9" />
                <SequencePoint vc="0" uspid="86" ordinal="73" sl="86" sc="1" el="86" ec="2" bec="0" bev="0" fileid="9" />
                <SequencePoint vc="0" uspid="87" ordinal="74" sl="87" sc="1" el="87" ec="2" bec="0" bev="0" fileid="9" />
                <SequencePoint vc="0" uspid="88" ordinal="75" sl="88" sc="1" el="88" ec="2" bec="0" bev="0" fileid="9" />
                <SequencePoint vc="0" uspid="89" ordinal="76" sl="89" sc="1" el="89" ec="2" bec="0" bev="0" fileid="9" />
                <SequencePoint vc="0" uspid="90" ordinal="77" sl="90" sc="1" el="90" ec="2" bec="0" bev="0" fileid="9" />
                <SequencePoint vc="0" uspid="91" ordinal="78" sl="91" sc="1" el="91" ec="2" bec="0" bev="0" fileid="9" />
                <SequencePoint vc="0" uspid="92" ordinal="79" sl="92" sc="1" el="92" ec="2" bec="0" bev="0" fileid="9" />
                <SequencePoint vc="0" uspid="94" ordinal="80" sl="94" sc="1" el="94" ec="2" bec="0" bev="0" fileid="9" />
                <SequencePoint vc="0" uspid="95" ordinal="81" sl="95" sc="1" el="95" ec="2" bec="0" bev="0" fileid="9" />
                <SequencePoint vc="0" uspid="96" ordinal="82" sl="96" sc="1" el="96" ec="2" bec="0" bev="0" fileid="9" />
                <SequencePoint vc="0" uspid="97" ordinal="83" sl="97" sc="1" el="97" ec="2" bec="0" bev="0" fileid="9" />
                <SequencePoint vc="0" uspid="98" ordinal="84" sl="98" sc="1" el="98" ec="2" bec="0" bev="0" fileid="9" />
                <SequencePoint vc="0" uspid="99" ordinal="85" sl="99" sc="1" el="99" ec="2" bec="0" bev="0" fileid="9" />
                <SequencePoint vc="0" uspid="100" ordinal="86" sl="100" sc="1" el="100" ec="2" bec="0" bev="0" fileid="9" />
                <SequencePoint vc="0" uspid="101" ordinal="87" sl="101" sc="1" el="101" ec="2" bec="0" bev="0" fileid="9" />
                <SequencePoint vc="0" uspid="102" ordinal="88" sl="102" sc="1" el="102" ec="2" bec="0" bev="0" fileid="9" />
                <SequencePoint vc="0" uspid="103" ordinal="89" sl="103" sc="1" el="103" ec="2" bec="0" bev="0" fileid="9" />
                <SequencePoint vc="0" uspid="104" ordinal="90" sl="104" sc="1" el="104" ec="2" bec="0" bev="0" fileid="9" />
                <SequencePoint vc="0" uspid="105" ordinal="91" sl="105" sc="1" el="105" ec="2" bec="0" bev="0" fileid="9" />
                <SequencePoint vc="0" uspid="106" ordinal="92" sl="106" sc="1" el="106" ec="2" bec="0" bev="0" fileid="9" />
                <SequencePoint vc="0" uspid="107" ordinal="93" sl="107" sc="1" el="107" ec="2" bec="0" bev="0" fileid="9" />
                <SequencePoint vc="0" uspid="108" ordinal="94" sl="108" sc="1" el="108" ec="2" bec="0" bev="0" fileid="9" />
                <SequencePoint vc="0" uspid="109" ordinal="95" sl="109" sc="1" el="109" ec="2" bec="0" bev="0" fileid="9" />
                <SequencePoint vc="0" uspid="110" ordinal="96" sl="110" sc="1" el="110" ec="2" bec="0" bev="0" fileid="9" />
                <SequencePoint vc="0" uspid="111" ordinal="97" sl="111" sc="1" el="111" ec="2" bec="0" bev="0" fileid="9" />
                <SequencePoint vc="0" uspid="112" ordinal="98" sl="112" sc="1" el="112" ec="2" bec="0" bev="0" fileid="9" />
                <SequencePoint vc="0" uspid="114" ordinal="99" sl="114" sc="1" el="114" ec="2" bec="0" bev="0" fileid="9" />
                <SequencePoint vc="0" uspid="115" ordinal="100" sl="115" sc="1" el="115" ec="2" bec="0" bev="0" fileid="9" />
                <SequencePoint vc="0" uspid="116" ordinal="101" sl="116" sc="1" el="116" ec="2" bec="0" bev="0" fileid="9" />
                <SequencePoint vc="0" uspid="117" ordinal="102" sl="117" sc="1" el="117" ec="2" bec="0" bev="0" fileid="9" />
                <SequencePoint vc="0" uspid="118" ordinal="103" sl="118" sc="1" el="118" ec="2" bec="0" bev="0" fileid="9" />
                <SequencePoint vc="0" uspid="119" ordinal="104" sl="119" sc="1" el="119" ec="2" bec="0" bev="0" fileid="9" />
                <SequencePoint vc="0" uspid="120" ordinal="105" sl="120" sc="1" el="120" ec="2" bec="0" bev="0" fileid="9" />
                <SequencePoint vc="0" uspid="121" ordinal="106" sl="121" sc="1" el="121" ec="2" bec="0" bev="0" fileid="9" />
                <SequencePoint vc="0" uspid="122" ordinal="107" sl="122" sc="1" el="122" ec="2" bec="0" bev="0" fileid="9" />
                <SequencePoint vc="0" uspid="123" ordinal="108" sl="123" sc="1" el="123" ec="2" bec="0" bev="0" fileid="9" />
                <SequencePoint vc="0" uspid="124" ordinal="109" sl="124" sc="1" el="124" ec="2" bec="0" bev="0" fileid="9" />
                <SequencePoint vc="0" uspid="125" ordinal="110" sl="125" sc="1" el="125" ec="2" bec="0" bev="0" fileid="9" />
                <SequencePoint vc="0" uspid="126" ordinal="111" sl="126" sc="1" el="126" ec="2" bec="0" bev="0" fileid="9" />
                <SequencePoint vc="0" uspid="127" ordinal="112" sl="127" sc="1" el="127" ec="2" bec="0" bev="0" fileid="9" />
                <SequencePoint vc="0" uspid="128" ordinal="113" sl="128" sc="1" el="128" ec="2" bec="0" bev="0" fileid="9" />
                <SequencePoint vc="0" uspid="129" ordinal="114" sl="129" sc="1" el="129" ec="2" bec="0" bev="0" fileid="9" />
                <SequencePoint vc="0" uspid="130" ordinal="115" sl="130" sc="1" el="130" ec="2" bec="0" bev="0" fileid="9" />
                <SequencePoint vc="0" uspid="131" ordinal="116" sl="131" sc="1" el="131" ec="2" bec="0" bev="0" fileid="9" />
                <SequencePoint vc="0" uspid="132" ordinal="117" sl="132" sc="1" el="132" ec="2" bec="0" bev="0" fileid="9" />
                <SequencePoint vc="0" uspid="133" ordinal="118" sl="133" sc="1" el="133" ec="2" bec="0" bev="0" fileid="9" />
                <SequencePoint vc="0" uspid="134" ordinal="119" sl="134" sc="1" el="134" ec="2" bec="0" bev="0" fileid="9" />
                <SequencePoint vc="0" uspid="135" ordinal="120" sl="135" sc="1" el="135" ec="2" bec="0" bev="0" fileid="9" />
                <SequencePoint vc="0" uspid="136" ordinal="121" sl="136" sc="1" el="136" ec="2" bec="0" bev="0" fileid="9" />
                <SequencePoint vc="0" uspid="138" ordinal="122" sl="138" sc="1" el="138" ec="2" bec="0" bev="0" fileid="9" />
                <SequencePoint vc="0" uspid="139" ordinal="123" sl="139" sc="1" el="139" ec="2" bec="0" bev="0" fileid="9" />
                <SequencePoint vc="0" uspid="140" ordinal="124" sl="140" sc="1" el="140" ec="2" bec="0" bev="0" fileid="9" />
                <SequencePoint vc="0" uspid="141" ordinal="125" sl="141" sc="1" el="141" ec="2" bec="0" bev="0" fileid="9" />
                <SequencePoint vc="0" uspid="142" ordinal="126" sl="142" sc="1" el="142" ec="2" bec="0" bev="0" fileid="9" />
                <SequencePoint vc="0" uspid="143" ordinal="127" sl="143" sc="1" el="143" ec="2" bec="0" bev="0" fileid="9" />
                <SequencePoint vc="0" uspid="144" ordinal="128" sl="144" sc="1" el="144" ec="2" bec="0" bev="0" fileid="9" />
                <SequencePoint vc="0" uspid="145" ordinal="129" sl="145" sc="1" el="145" ec="2" bec="0" bev="0" fileid="9" />
                <SequencePoint vc="0" uspid="146" ordinal="130" sl="146" sc="1" el="146" ec="2" bec="0" bev="0" fileid="9" />
                <SequencePoint vc="0" uspid="147" ordinal="131" sl="147" sc="1" el="147" ec="2" bec="0" bev="0" fileid="9" />
                <SequencePoint vc="0" uspid="148" ordinal="132" sl="148" sc="1" el="148" ec="2" bec="0" bev="0" fileid="9" />
                <SequencePoint vc="0" uspid="149" ordinal="133" sl="149" sc="1" el="149" ec="2" bec="0" bev="0" fileid="9" />
                <SequencePoint vc="0" uspid="150" ordinal="134" sl="150" sc="1" el="150" ec="2" bec="0" bev="0" fileid="9" />
                <SequencePoint vc="0" uspid="151" ordinal="135" sl="151" sc="1" el="151" ec="2" bec="0" bev="0" fileid="9" />
                <SequencePoint vc="0" uspid="152" ordinal="136" sl="152" sc="1" el="152" ec="2" bec="0" bev="0" fileid="9" />
                <SequencePoint vc="0" uspid="153" ordinal="137" sl="153" sc="1" el="153" ec="2" bec="0" bev="0" fileid="9" />
                <SequencePoint vc="0" uspid="154" ordinal="138" sl="154" sc="1" el="154" ec="2" bec="0" bev="0" fileid="9" />
                <SequencePoint vc="0" uspid="155" ordinal="139" sl="155" sc="1" el="155" ec="2" bec="0" bev="0" fileid="9" />
                <SequencePoint vc="0" uspid="156" ordinal="140" sl="156" sc="1" el="156" ec="2" bec="0" bev="0" fileid="9" />
                <SequencePoint vc="0" uspid="158" ordinal="141" sl="158" sc="1" el="158" ec="2" bec="0" bev="0" fileid="9" />
                <SequencePoint vc="0" uspid="159" ordinal="142" sl="159" sc="1" el="159" ec="2" bec="0" bev="0" fileid="9" />
                <SequencePoint vc="0" uspid="160" ordinal="143" sl="160" sc="1" el="160" ec="2" bec="0" bev="0" fileid="9" />
                <SequencePoint vc="0" uspid="161" ordinal="144" sl="161" sc="1" el="161" ec="2" bec="0" bev="0" fileid="9" />
                <SequencePoint vc="0" uspid="163" ordinal="145" sl="163" sc="1" el="163" ec="2" bec="0" bev="0" fileid="9" />
                <SequencePoint vc="0" uspid="164" ordinal="146" sl="164" sc="1" el="164" ec="2" bec="0" bev="0" fileid="9" />
                <SequencePoint vc="0" uspid="165" ordinal="147" sl="165" sc="1" el="165" ec="2" bec="0" bev="0" fileid="9" />
                <SequencePoint vc="0" uspid="166" ordinal="148" sl="166" sc="1" el="166" ec="2" bec="0" bev="0" fileid="9" />
                <SequencePoint vc="0" uspid="167" ordinal="149" sl="167" sc="1" el="167" ec="2" bec="0" bev="0" fileid="9" />
                <SequencePoint vc="0" uspid="168" ordinal="150" sl="168" sc="1" el="168" ec="2" bec="0" bev="0" fileid="9" />
                <SequencePoint vc="0" uspid="170" ordinal="151" sl="170" sc="1" el="170" ec="2" bec="0" bev="0" fileid="9" />
                <SequencePoint vc="0" uspid="171" ordinal="152" sl="171" sc="1" el="171" ec="2" bec="0" bev="0" fileid="9" />
                <SequencePoint vc="0" uspid="172" ordinal="153" sl="172" sc="1" el="172" ec="2" bec="0" bev="0" fileid="9" />
                <SequencePoint vc="0" uspid="173" ordinal="154" sl="173" sc="1" el="173" ec="2" bec="0" bev="0" fileid="9" />
                <SequencePoint vc="0" uspid="175" ordinal="155" sl="175" sc="1" el="175" ec="2" bec="0" bev="0" fileid="9" />
                <SequencePoint vc="0" uspid="176" ordinal="156" sl="176" sc="1" el="176" ec="2" bec="0" bev="0" fileid="9" />
                <SequencePoint vc="0" uspid="177" ordinal="157" sl="177" sc="1" el="177" ec="2" bec="0" bev="0" fileid="9" />
                <SequencePoint vc="0" uspid="178" ordinal="158" sl="178" sc="1" el="178" ec="2" bec="0" bev="0" fileid="9" />
                <SequencePoint vc="0" uspid="180" ordinal="159" sl="180" sc="1" el="180" ec="2" bec="0" bev="0" fileid="9" />
                <SequencePoint vc="0" uspid="181" ordinal="160" sl="181" sc="1" el="181" ec="2" bec="0" bev="0" fileid="9" />
                <SequencePoint vc="0" uspid="182" ordinal="161" sl="182" sc="1" el="182" ec="2" bec="0" bev="0" fileid="9" />
                <SequencePoint vc="0" uspid="183" ordinal="162" sl="183" sc="1" el="183" ec="2" bec="0" bev="0" fileid="9" />
                <SequencePoint vc="0" uspid="185" ordinal="163" sl="185" sc="1" el="185" ec="2" bec="0" bev="0" fileid="9" />
                <SequencePoint vc="0" uspid="186" ordinal="164" sl="186" sc="1" el="186" ec="2" bec="0" bev="0" fileid="9" />
                <SequencePoint vc="0" uspid="187" ordinal="165" sl="187" sc="1" el="187" ec="2" bec="0" bev="0" fileid="9" />
                <SequencePoint vc="0" uspid="188" ordinal="166" sl="188" sc="1" el="188" ec="2" bec="0" bev="0" fileid="9" />
                <SequencePoint vc="0" uspid="190" ordinal="167" sl="190" sc="1" el="190" ec="2" bec="0" bev="0" fileid="9" />
                <SequencePoint vc="0" uspid="191" ordinal="168" sl="191" sc="1" el="191" ec="2" bec="0" bev="0" fileid="9" />
                <SequencePoint vc="0" uspid="192" ordinal="169" sl="192" sc="1" el="192" ec="2" bec="0" bev="0" fileid="9" />
                <SequencePoint vc="0" uspid="193" ordinal="170" sl="193" sc="1" el="193" ec="2" bec="0" bev="0" fileid="9" />
                <SequencePoint vc="0" uspid="194" ordinal="171" sl="194" sc="1" el="194" ec="2" bec="0" bev="0" fileid="9" />
                <SequencePoint vc="0" uspid="195" ordinal="172" sl="195" sc="1" el="195" ec="2" bec="0" bev="0" fileid="9" />
                <SequencePoint vc="0" uspid="196" ordinal="173" sl="196" sc="1" el="196" ec="2" bec="0" bev="0" fileid="9" />
              </SequencePoints>
              <BranchPoints>
                <BranchPoint vc="0" uspid="11" ordinal="0" path="0" offset="13" offsetend="15" sl="11" fileid="9" />
                <BranchPoint vc="0" uspid="11" ordinal="1" path="1" offset="13" offsetend="38" sl="11" fileid="9" />
                <BranchPoint vc="0" uspid="11" ordinal="2" path="0" offset="45" offsetend="47" sl="11" fileid="9" />
                <BranchPoint vc="0" uspid="11" ordinal="3" path="1" offset="45" offsetend="70" sl="11" fileid="9" />
                <BranchPoint vc="0" uspid="25" ordinal="4" path="0" offset="88" offsetend="90" sl="25" fileid="9" />
                <BranchPoint vc="0" uspid="25" ordinal="5" path="1" offset="88" offsetend="113" sl="25" fileid="9" />
                <BranchPoint vc="0" uspid="25" ordinal="6" path="0" offset="120" offsetend="122" sl="25" fileid="9" />
                <BranchPoint vc="0" uspid="25" ordinal="7" path="1" offset="120" offsetend="145" sl="25" fileid="9" />
                <BranchPoint vc="0" uspid="52" ordinal="8" path="0" offset="163" offsetend="165" sl="52" fileid="9" />
                <BranchPoint vc="0" uspid="52" ordinal="9" path="1" offset="163" offsetend="188" sl="52" fileid="9" />
                <BranchPoint vc="0" uspid="52" ordinal="10" path="0" offset="195" offsetend="197" sl="52" fileid="9" />
                <BranchPoint vc="0" uspid="52" ordinal="11" path="1" offset="195" offsetend="220" sl="52" fileid="9" />
[...]
              </SequencePoints>
              <BranchPoints>
                <BranchPoint vc="0" uspid="112" ordinal="0" path="0" offset="33" offsetend="38" sl="112" fileid="19" />
                <BranchPoint vc="0" uspid="113" ordinal="2" path="0" offset="41" offsetend="47" sl="113" fileid="19" />
                <BranchPoint vc="0" uspid="116" ordinal="4" path="0" offset="83" offsetend="85" sl="116" fileid="19" />
                <BranchPoint vc="0" uspid="113" ordinal="3" path="1" offset="41" offsetend="125" sl="113" fileid="19" />
                <BranchPoint vc="0" uspid="116" ordinal="5" path="1" offset="83" offsetend="153" sl="116" fileid="19" />
                <BranchPoint vc="0" uspid="117" ordinal="6" path="0" offset="194" offsetend="196" sl="117" fileid="19" />
                <BranchPoint vc="0" uspid="117" ordinal="7" path="1" offset="194" offsetend="238" sl="117" fileid="19" />
                <BranchPoint vc="0" uspid="112" ordinal="1" path="1" offset="33" offsetend="269" sl="112" fileid="19" />
              </BranchPoints>
              <MethodPoint vc="0" uspid="0" p8:type="SequencePoint" ordinal="0" offset="0" sc="0" sl="111" ec="1" el="135" bec="0" bev="0" fileid="19" xmlns:p8="xsi" />
            </Method>
          </Methods>
        </Class>
        <Class>
          <Summary numSequencePoints="15" visitedSequencePoints="0" numBranchPoints="8" visitedBranchPoints="0" sequenceCoverage="0" branchCoverage="0" maxCyclomaticComplexity="8" minCyclomaticComplexity="8" visitedClasses="0" numClasses="1" visitedMethods="0" numMethods="1" />
          <FullName>WebAPI.Controllers.EmployeeDetailController/&lt;DeleteEmployeeDetail&gt;d__7</FullName>
          <Methods>
            <Method cyclomaticComplexity="8" nPathComplexity="0" sequenceCoverage="0" branchCoverage="0" isConstructor="False" isGetter="False" isSetter="False" isStatic="True">
              <Summary numSequencePoints="15" visitedSequencePoints="0" numBranchPoints="8" visitedBranchPoints="0" sequenceCoverage="0" branchCoverage="0" maxCyclomaticComplexity="8" minCyclomaticComplexity="8" visitedClasses="0" numClasses="0" visitedMethods="0" numMethods="1" />
              <MetadataToken />
              <Name>System.Void WebAPI.Controllers.EmployeeDetailController/&lt;DeleteEmployeeDetail&gt;d__7::MoveNext()</Name>
              <FileRef uid="19" />
              <SequencePoints>
                <SequencePoint vc="0" uspid="140" ordinal="0" sl="140" sc="1" el="140" ec="2" bec="0" bev="0" fileid="19" />
                <SequencePoint vc="0" uspid="141" ordinal="1" sl="141" sc="1" el="141" ec="2" bec="0" bev="0" fileid="19" />
                <SequencePoint vc="0" uspid="142" ordinal="2" sl="142" sc="1" el="142" ec="2" bec="0" bev="0" fileid="19" />
                <SequencePoint vc="0" uspid="143" ordinal="3" sl="143" sc="1" el="143" ec="2" bec="0" bev="0" fileid="19" />
                <SequencePoint vc="0" uspid="144" ordinal="4" sl="144" sc="1" el="144" ec="2" bec="0" bev="0" fileid="19" />
                <SequencePoint vc="0" uspid="148" ordinal="5" sl="148" sc="1" el="148" ec="2" bec="0" bev="0" fileid="19" />
                <SequencePoint vc="0" uspid="149" ordinal="6" sl="149" sc="1" el="149" ec="2" bec="0" bev="0" fileid="19" />
                <SequencePoint vc="0" uspid="150" ordinal="7" sl="150" sc="1" el="150" ec="2" bec="0" bev="0" fileid="19" />
                <SequencePoint vc="0" uspid="151" ordinal="8" sl="151" sc="1" el="151" ec="2" bec="0" bev="0" fileid="19" />
                <SequencePoint vc="0" uspid="152" ordinal="9" sl="152" sc="1" el="152" ec="2" bec="0" bev="0" fileid="19" />
                <SequencePoint vc="0" uspid="154" ordinal="10" sl="154" sc="1" el="154" ec="2" bec="0" bev="0" fileid="19" />
                <SequencePoint vc="0" uspid="156" ordinal="11" sl="156" sc="1" el="156" ec="2" bec="0" bev="0" fileid="19" />
                <SequencePoint vc="0" uspid="157" ordinal="12" sl="157" sc="1" el="157" ec="2" bec="0" bev="0" fileid="19" />
                <SequencePoint vc="0" uspid="158" ordinal="13" sl="158" sc="1" el="158" ec="2" bec="0" bev="0" fileid="19" />
                <SequencePoint vc="0" uspid="160" ordinal="14" sl="160" sc="1" el="160" ec="2" bec="0" bev="0" fileid="19" />
              </SequencePoints>
              <BranchPoints>
                <BranchPoint vc="0" uspid="142" ordinal="0" path="0" offset="33" offsetend="35" sl="142" fileid="19" />
                <BranchPoint vc="0" uspid="142" ordinal="1" path="1" offset="33" offsetend="53" sl="142" fileid="19" />
                <BranchPoint vc="0" uspid="144" ordinal="2" path="0" offset="55" offsetend="61" sl="144" fileid="19" />
                <BranchPoint vc="0" uspid="149" ordinal="4" path="0" offset="97" offsetend="99" sl="149" fileid="19" />
                <BranchPoint vc="0" uspid="144" ordinal="3" path="1" offset="55" offsetend="139" sl="144" fileid="19" />
                <BranchPoint vc="0" uspid="149" ordinal="5" path="1" offset="97" offsetend="167" sl="149" fileid="19" />
                <BranchPoint vc="0" uspid="150" ordinal="6" path="0" offset="205" offsetend="207" sl="150" fileid="19" />
                <BranchPoint vc="0" uspid="150" ordinal="7" path="1" offset="205" offsetend="222" sl="150" fileid="19" />
              </BranchPoints>
              <MethodPoint vc="0" uspid="0" p8:type="SequencePoint" ordinal="0" offset="0" sc="0" sl="140" ec="1" el="160" bec="0" bev="0" fileid="19" xmlns:p8="xsi" />
            </Method>
          </Methods>
        </Class>
        <Class>
          <Summary numSequencePoints="4" visitedSequencePoints="0" numBranchPoints="0" visitedBranchPoints="0" sequenceCoverage="0" branchCoverage="100" maxCyclomaticComplexity="1" minCyclomaticComplexity="1" visitedClasses="0" numClasses="1" visitedMethods="0" numMethods="1" />
          <FullName>WebAPI.Controllers.UserProfileController</FullName>
          <Methods>
            <Method cyclomaticComplexity="1" nPathComplexity="0" sequenceCoverage="0" branchCoverage="100" isConstructor="True" isGetter="False" isSetter="False" isStatic="True">
              <Summary numSequencePoints="4" visitedSequencePoints="0" numBranchPoints="0" visitedBranchPoints="0" sequenceCoverage="0" branchCoverage="100" maxCyclomaticComplexity="1" minCyclomaticComplexity="1" visitedClasses="0" numClasses="0" visitedMethods="0" numMethods="1" />
              <MetadataToken />
              <Name>System.Void WebAPI.Controllers.UserProfileController::.ctor(Microsoft.AspNetCore.Identity.UserManager`1&lt;WebAPI.Models.ApplicationUser&gt;)</Name>
              <FileRef uid="20" />
              <SequencePoints>
                <SequencePoint vc="0" uspid="18" ordinal="0" sl="18" sc="1" el="18" ec="2" bec="0" bev="0" fileid="20" />
                <SequencePoint vc="0" uspid="19" ordinal="1" sl="19" sc="1" el="19" ec="2" bec="0" bev="0" fileid="20" />
                <SequencePoint vc="0" uspid="20" ordinal="2" sl="20" sc="1" el="20" ec="2" bec="0" bev="0" fileid="20" />
                <SequencePoint vc="0" uspid="21" ordinal="3" sl="21" sc="1" el="21" ec="2" bec="0" bev="0" fileid="20" />
              </SequencePoints>
              <BranchPoints />
              <MethodPoint vc="0" uspid="0" p8:type="SequencePoint" ordinal="0" offset="0" sc="0" sl="18" ec="1" el="21" bec="0" bev="0" fileid="20" xmlns:p8="xsi" />
            </Method>
          </Methods>
        </Class>
        <Class>
          <Summary numSequencePoints="1" visitedSequencePoints="0" numBranchPoints="0" visitedBranchPoints="0" sequenceCoverage="0" branchCoverage="100" maxCyclomaticComplexity="1" minCyclomaticComplexity="1" visitedClasses="0" numClasses="1" visitedMethods="0" numMethods="1" />
          <FullName>WebAPI.Controllers.UserProfileController/&lt;&gt;c</FullName>
          <Methods>
            <Method cyclomaticComplexity="1" nPathComplexity="0" sequenceCoverage="0" branchCoverage="100" isConstructor="False" isGetter="False" isSetter="False" isStatic="True">
              <Summary numSequencePoints="1" visitedSequencePoints="0" numBranchPoints="0" visitedBranchPoints="0" sequenceCoverage="0" branchCoverage="100" maxCyclomaticComplexity="1" minCyclomaticComplexity="1" visitedClasses="0" numClasses="0" visitedMethods="0" numMethods="1" />
              <MetadataToken />
              <Name>System.Boolean WebAPI.Controllers.UserProfileController/&lt;&gt;c::&lt;GetUserProfile&gt;b__2_0(System.Security.Claims.Claim)</Name>
              <FileRef uid="20" />
              <SequencePoints>
                <SequencePoint vc="0" uspid="28" ordinal="0" sl="28" sc="1" el="28" ec="2" bec="0" bev="0" fileid="20" />
              </SequencePoints>
              <BranchPoints />
              <MethodPoint vc="0" uspid="0" p8:type="SequencePoint" ordinal="0" offset="0" sc="0" sl="28" ec="1" el="28" bec="0" bev="0" fileid="20" xmlns:p8="xsi" />
            </Method>
          </Methods>
        </Class>
        <Class>
          <Summary numSequencePoints="9" visitedSequencePoints="0" numBranchPoints="4" visitedBranchPoints="0" sequenceCoverage="0" branchCoverage="0" maxCyclomaticComplexity="4" minCyclomaticComplexity="4" visitedClasses="0" numClasses="1" visitedMethods="0" numMethods="1" />
          <FullName>WebAPI.Controllers.UserProfileController/&lt;GetUserProfile&gt;d__2</FullName>
          <Methods>
            <Method cyclomaticComplexity="4" nPathComplexity="0" sequenceCoverage="0" branchCoverage="0" isConstructor="False" isGetter="False" isSetter="False" isStatic="True">
              <Summary numSequencePoints="9" visitedSequencePoints="0" numBranchPoints="4" visitedBranchPoints="0" sequenceCoverage="0" branchCoverage="0" maxCyclomaticComplexity="4" minCyclomaticComplexity="4" visitedClasses="0" numClasses="0" visitedMethods="0" numMethods="1" />
              <MetadataToken />
              <Name>System.Void WebAPI.Controllers.UserProfileController/&lt;GetUserProfile&gt;d__2::MoveNext()</Name>
              <FileRef uid="20" />
              <SequencePoints>
                <SequencePoint vc="0" uspid="27" ordinal="0" sl="27" sc="1" el="27" ec="2" bec="0" bev="0" fileid="20" />
                <SequencePoint vc="0" uspid="29" ordinal="1" sl="29" sc="1" el="29" ec="2" bec="0" bev="0" fileid="20" />
                <SequencePoint vc="0" uspid="30" ordinal="2" sl="30" sc="1" el="30" ec="2" bec="0" bev="0" fileid="20" />
                <SequencePoint vc="0" uspid="31" ordinal="3" sl="31" sc="1" el="31" ec="2" bec="0" bev="0" fileid="20" />
                <SequencePoint vc="0" uspid="32" ordinal="4" sl="32" sc="1" el="32" ec="2" bec="0" bev="0" fileid="20" />
                <SequencePoint vc="0" uspid="33" ordinal="5" sl="33" sc="1" el="33" ec="2" bec="0" bev="0" fileid="20" />
                <SequencePoint vc="0" uspid="34" ordinal="6" sl="34" sc="1" el="34" ec="2" bec="0" bev="0" fileid="20" />
                <SequencePoint vc="0" uspid="35" ordinal="7" sl="35" sc="1" el="35" ec="2" bec="0" bev="0" fileid="20" />
                <SequencePoint vc="0" uspid="36" ordinal="8" sl="36" sc="1" el="36" ec="2" bec="0" bev="0" fileid="20" />
              </SequencePoints>
              <BranchPoints>
                <BranchPoint vc="0" uspid="28" ordinal="0" path="0" offset="41" offsetend="43" sl="28" fileid="20" />
                <BranchPoint vc="0" uspid="28" ordinal="1" path="1" offset="41" offsetend="66" sl="28" fileid="20" />
                <BranchPoint vc="0" uspid="29" ordinal="2" path="0" offset="116" offsetend="118" sl="29" fileid="20" />
                <BranchPoint vc="0" uspid="29" ordinal="3" path="1" offset="116" offsetend="185" sl="29" fileid="20" />
              </BranchPoints>
              <MethodPoint vc="0" uspid="0" p8:type="SequencePoint" ordinal="0" offset="0" sc="0" sl="27" ec="1" el="36" bec="0" bev="0" fileid="20" xmlns:p8="xsi" />
            </Method>
          </Methods>
        </Class>
        <Class>
          <Summary numSequencePoints="15" visitedSequencePoints="0" numBranchPoints="0" visitedBranchPoints="0" sequenceCoverage="0" branchCoverage="100" maxCyclomaticComplexity="1" minCyclomaticComplexity="1" visitedClasses="0" numClasses="1" visitedMethods="0" numMethods="6" />
          <FullName>WebAPI.Controllers.ValuesController</FullName>
          <Methods>
            <Method cyclomaticComplexity="1" nPathComplexity="0" sequenceCoverage="0" branchCoverage="100" isConstructor="False" isGetter="False" isSetter="False" isStatic="True">
              <Summary numSequencePoints="3" visitedSequencePoints="0" numBranchPoints="0" visitedBranchPoints="0" sequenceCoverage="0" branchCoverage="100" maxCyclomaticComplexity="1" minCyclomaticComplexity="1" visitedClasses="0" numClasses="0" visitedMethods="0" numMethods="1" />
              <MetadataToken />
              <Name>Microsoft.AspNetCore.Mvc.ActionResult`1&lt;System.Collections.Generic.IEnumerable`1&lt;System.String&gt;&gt; WebAPI.Controllers.ValuesController::Get()</Name>
              <FileRef uid="21" />
              <SequencePoints>
                <SequencePoint vc="0" uspid="21" ordinal="0" sl="21" sc="1" el="21" ec="2" bec="0" bev="0" fileid="21" />
                <SequencePoint vc="0" uspid="22" ordinal="1" sl="22" sc="1" el="22" ec="2" bec="0" bev="0" fileid="21" />
                <SequencePoint vc="0" uspid="23" ordinal="2" sl="23" sc="1" el="23" ec="2" bec="0" bev="0" fileid="21" />
              </SequencePoints>
              <BranchPoints />
              <MethodPoint vc="0" uspid="0" p8:type="SequencePoint" ordinal="0" offset="0" sc="0" sl="21" ec="1" el="23" bec="0" bev="0" fileid="21" xmlns:p8="xsi" />
            </Method>
            <Method cyclomaticComplexity="1" nPathComplexity="0" sequenceCoverage="0" branchCoverage="100" isConstructor="False" isGetter="False" isSetter="False" isStatic="True">
              <Summary numSequencePoints="3" visitedSequencePoints="0" numBranchPoints="0" visitedBranchPoints="0" sequenceCoverage="0" branchCoverage="100" maxCyclomaticComplexity="1" minCyclomaticComplexity="1" visitedClasses="0" numClasses="0" visitedMethods="0" numMethods="1" />
              <MetadataToken />
              <Name>Microsoft.AspNetCore.Mvc.ActionResult`1&lt;System.String&gt; WebAPI.Controllers.ValuesController::Get(System.Int32)</Name>
              <FileRef uid="21" />
              <SequencePoints>
                <SequencePoint vc="0" uspid="28" ordinal="0" sl="28" sc="1" el="28" ec="2" bec="0" bev="0" fileid="21" />
                <SequencePoint vc="0" uspid="29" ordinal="1" sl="29" sc="1" el="29" ec="2" bec="0" bev="0" fileid="21" />
                <SequencePoint vc="0" uspid="30" ordinal="2" sl="30" sc="1" el="30" ec="2" bec="0" bev="0" fileid="21" />
              </SequencePoints>
              <BranchPoints />
              <MethodPoint vc="0" uspid="0" p8:type="SequencePoint" ordinal="1" offset="1" sc="0" sl="28" ec="1" el="30" bec="0" bev="0" fileid="21" xmlns:p8="xsi" />
            </Method>
            <Method cyclomaticComplexity="1" nPathComplexity="0" sequenceCoverage="0" branchCoverage="100" isConstructor="False" isGetter="False" isSetter="False" isStatic="True">
              <Summary numSequencePoints="2" visitedSequencePoints="0" numBranchPoints="0" visitedBranchPoints="0" sequenceCoverage="0" branchCoverage="100" maxCyclomaticComplexity="1" minCyclomaticComplexity="1" visitedClasses="0" numClasses="0" visitedMethods="0" numMethods="1" />
              <MetadataToken />
              <Name>System.Void WebAPI.Controllers.ValuesController::Post(System.String)</Name>
              <FileRef uid="21" />
              <SequencePoints>
                <SequencePoint vc="0" uspid="35" ordinal="0" sl="35" sc="1" el="35" ec="2" bec="0" bev="0" fileid="21" />
                <SequencePoint vc="0" uspid="36" ordinal="1" sl="36" sc="1" el="36" ec="2" bec="0" bev="0" fileid="21" />
              </SequencePoints>
              <BranchPoints />
              <MethodPoint vc="0" uspid="0" p8:type="SequencePoint" ordinal="2" offset="2" sc="0" sl="35" ec="1" el="36" bec="0" bev="0" fileid="21" xmlns:p8="xsi" />
            </Method>
            <Method cyclomaticComplexity="1" nPathComplexity="0" sequenceCoverage="0" branchCoverage="100" isConstructor="False" isGetter="False" isSetter="False" isStatic="True">
              <Summary numSequencePoints="2" visitedSequencePoints="0" numBranchPoints="0" visitedBranchPoints="0" sequenceCoverage="0" branchCoverage="100" maxCyclomaticComplexity="1" minCyclomaticComplexity="1" visitedClasses="0" numClasses="0" visitedMethods="0" numMethods="1" />
              <MetadataToken />
              <Name>System.Void WebAPI.Controllers.ValuesController::Put(System.Int32,System.String)</Name>
              <FileRef uid="21" />
              <SequencePoints>
                <SequencePoint vc="0" uspid="42" ordinal="0" sl="42" sc="1" el="42" ec="2" bec="0" bev="0" fileid="21" />
                <SequencePoint vc="0" uspid="43" ordinal="1" sl="43" sc="1" el="43" ec="2" bec="0" bev="0" fileid="21" />
              </SequencePoints>
              <BranchPoints />
              <MethodPoint vc="0" uspid="0" p8:type="SequencePoint" ordinal="3" offset="3" sc="0" sl="42" ec="1" el="43" bec="0" bev="0" fileid="21" xmlns:p8="xsi" />
            </Method>
            <Method cyclomaticComplexity="1" nPathComplexity="0" sequenceCoverage="0" branchCoverage="100" isConstructor="False" isGetter="False" isSetter="False" isStatic="True">
              <Summary numSequencePoints="2" visitedSequencePoints="0" numBranchPoints="0" visitedBranchPoints="0" sequenceCoverage="0" branchCoverage="100" maxCyclomaticComplexity="1" minCyclomaticComplexity="1" visitedClasses="0" numClasses="0" visitedMethods="0" numMethods="1" />
              <MetadataToken />
              <Name>System.Void WebAPI.Controllers.ValuesController::Delete(System.Int32)</Name>
              <FileRef uid="21" />
              <SequencePoints>
                <SequencePoint vc="0" uspid="49" ordinal="0" sl="49" sc="1" el="49" ec="2" bec="0" bev="0" fileid="21" />
                <SequencePoint vc="0" uspid="50" ordinal="1" sl="50" sc="1" el="50" ec="2" bec="0" bev="0" fileid="21" />
              </SequencePoints>
              <BranchPoints />
              <MethodPoint vc="0" uspid="0" p8:type="SequencePoint" ordinal="4" offset="4" sc="0" sl="49" ec="1" el="50" bec="0" bev="0" fileid="21" xmlns:p8="xsi" />
            </Method>
            <Method cyclomaticComplexity="1" nPathComplexity="0" sequenceCoverage="0" branchCoverage="100" isConstructor="True" isGetter="False" isSetter="False" isStatic="True">
              <Summary numSequencePoints="3" visitedSequencePoints="0" numBranchPoints="0" visitedBranchPoints="0" sequenceCoverage="0" branchCoverage="100" maxCyclomaticComplexity="1" minCyclomaticComplexity="1" visitedClasses="0" numClasses="0" visitedMethods="0" numMethods="1" />
              <MetadataToken />
              <Name>System.Void WebAPI.Controllers.ValuesController::.ctor(WebAPI.Data.AuthenticationContext)</Name>
              <FileRef uid="21" />
              <SequencePoints>
                <SequencePoint vc="0" uspid="14" ordinal="0" sl="14" sc="1" el="14" ec="2" bec="0" bev="0" fileid="21" />
                <SequencePoint vc="0" uspid="15" ordinal="1" sl="15" sc="1" el="15" ec="2" bec="0" bev="0" fileid="21" />
                <SequencePoint vc="0" uspid="17" ordinal="2" sl="17" sc="1" el="17" ec="2" bec="0" bev="0" fileid="21" />
              </SequencePoints>
              <BranchPoints />
              <MethodPoint vc="0" uspid="0" p8:type="SequencePoint" ordinal="5" offset="5" sc="0" sl="14" ec="1" el="17" bec="0" bev="0" fileid="21" xmlns:p8="xsi" />
            </Method>
          </Methods>
        </Class>
      </Classes>
    </Module>
  </Modules>
</CoverageSession>